#
# There is insufficient memory for the Java Runtime Environment to continue.
# Native memory allocation (mmap) failed to map 1375731712 bytes. Error detail: G1 virtual space
# Possible reasons:
#   The system is out of physical RAM or swap space
#   This process is running with CompressedOops enabled, and the Java Heap may be blocking the growth of the native heap
# Possible solutions:
#   Reduce memory load on the system
#   Increase physical memory or swap space
#   Check if swap backing store is full
#   Decrease Java heap size (-Xmx/-Xms)
#   Decrease number of Java threads
#   Decrease Java thread stack sizes (-Xss)
#   Set larger code cache with -XX:ReservedCodeCacheSize=
#   JVM is running with Zero Based Compressed Oops mode in which the Java heap is
#     placed in the first 32GB address space. The Java Heap base address is the
#     maximum limit for the native heap growth. Please use -XX:HeapBaseMinAddress
#     to set the Java Heap base and to place the Java Heap above 32GB virtual address.
# This output file may be truncated or incomplete.
#
#  Out of Memory Error (os_windows.cpp:3703), pid=21000, tid=5680
#
# JRE version: Java(TM) SE Runtime Environment (23.0.1+11) (build 23.0.1+11-39)
# Java VM: Java HotSpot(TM) 64-Bit Server VM (23.0.1+11-39, mixed mode, sharing, tiered, compressed oops, compressed class ptrs, g1 gc, windows-amd64)
# No core dump will be written. Minidumps are not enabled by default on client versions of Windows
#

---------------  S U M M A R Y ------------

Command Line: -Dfile.encoding=UTF-8 --module-path=D:\Universidad\Tareas\Semestre 5\Compiladores\AFND_2\build\classes Views.Principal

Host: Intel(R) Core(TM) i5-1035G1 CPU @ 1.00GHz, 8 cores, 15G,  Windows 11 , 64 bit Build 22621 (10.0.22621.5415)
Time: Sat Oct 25 21:18:16 2025 Hora estándar central (México) elapsed time: 110.677606 seconds (0d 0h 1m 50s)

---------------  T H R E A D  ---------------

Current thread (0x0000019dff2d6ff0):  VMThread "VM Thread"          [id=5680, stack(0x00000004dda00000,0x00000004ddb00000) (1024K)]

Stack: [0x00000004dda00000,0x00000004ddb00000]
Native frames: (J=compiled Java code, j=interpreted, Vv=VM code, C=native code)
V  [jvm.dll+0x6e08b9]  (no source info available)
V  [jvm.dll+0x87dc83]  (no source info available)
V  [jvm.dll+0x88010e]  (no source info available)
V  [jvm.dll+0x8807e3]  (no source info available)
V  [jvm.dll+0x27aee6]  (no source info available)
V  [jvm.dll+0x6dd1c5]  (no source info available)
V  [jvm.dll+0x6d104a]  (no source info available)
V  [jvm.dll+0x35b3ea]  (no source info available)
V  [jvm.dll+0x3637f6]  (no source info available)
V  [jvm.dll+0x34fd5e]  (no source info available)
V  [jvm.dll+0x34fff8]  (no source info available)
V  [jvm.dll+0x3289cc]  (no source info available)
V  [jvm.dll+0x328a5a]  (no source info available)
V  [jvm.dll+0x374c92]  (no source info available)
V  [jvm.dll+0x373392]  (no source info available)
V  [jvm.dll+0x3281a7]  (no source info available)
V  [jvm.dll+0x372b44]  (no source info available)
V  [jvm.dll+0x886720]  (no source info available)
V  [jvm.dll+0x887a47]  (no source info available)
V  [jvm.dll+0x887f78]  (no source info available)
V  [jvm.dll+0x888213]  (no source info available)
V  [jvm.dll+0x824f8b]  (no source info available)
V  [jvm.dll+0x6df065]  (no source info available)
C  [ucrtbase.dll+0x29333]  (no source info available)
C  [KERNEL32.DLL+0x1259d]  (no source info available)
C  [ntdll.dll+0x5af78]  (no source info available)

VM_Operation (0x00000004de9fdf60): G1CollectForAllocation, mode: safepoint, requested by thread 0x0000019d9b99e6d0


---------------  P R O C E S S  ---------------

Threads class SMR info:
_java_thread_list=0x0000019de2c32da0, length=17, elements={
0x0000019dff2ed600, 0x0000019dff2eeb30, 0x0000019dff2f1650, 0x0000019dff2f41c0,
0x0000019dff2f4c20, 0x0000019dff2f77c0, 0x0000019dff2fa6b0, 0x0000019dff2faea0,
0x0000019d9b698690, 0x0000019d9b7e9d60, 0x0000019d9b9073c0, 0x0000019d9b907a30,
0x0000019d9b8f9d40, 0x0000019d9b99e6d0, 0x0000019df912eef0, 0x0000019de2b7d050,
0x0000019de1e24690
}

Java Threads: ( => current thread )
  0x0000019dff2ed600 JavaThread "Reference Handler"          daemon [_thread_blocked, id=19084, stack(0x00000004ddb00000,0x00000004ddc00000) (1024K)]
  0x0000019dff2eeb30 JavaThread "Finalizer"                  daemon [_thread_blocked, id=11324, stack(0x00000004ddc00000,0x00000004ddd00000) (1024K)]
  0x0000019dff2f1650 JavaThread "Signal Dispatcher"          daemon [_thread_blocked, id=22860, stack(0x00000004ddd00000,0x00000004dde00000) (1024K)]
  0x0000019dff2f41c0 JavaThread "Attach Listener"            daemon [_thread_blocked, id=13428, stack(0x00000004dde00000,0x00000004ddf00000) (1024K)]
  0x0000019dff2f4c20 JavaThread "Service Thread"             daemon [_thread_blocked, id=23020, stack(0x00000004ddf00000,0x00000004de000000) (1024K)]
  0x0000019dff2f77c0 JavaThread "Monitor Deflation Thread"   daemon [_thread_blocked, id=20096, stack(0x00000004de000000,0x00000004de100000) (1024K)]
  0x0000019dff2fa6b0 JavaThread "C2 CompilerThread0"         daemon [_thread_blocked, id=15932, stack(0x00000004de100000,0x00000004de200000) (1024K)]
  0x0000019dff2faea0 JavaThread "C1 CompilerThread0"         daemon [_thread_blocked, id=21988, stack(0x00000004de200000,0x00000004de300000) (1024K)]
  0x0000019d9b698690 JavaThread "Common-Cleaner"             daemon [_thread_blocked, id=17980, stack(0x00000004de300000,0x00000004de400000) (1024K)]
  0x0000019d9b7e9d60 JavaThread "Notification Thread"        daemon [_thread_blocked, id=22336, stack(0x00000004de500000,0x00000004de600000) (1024K)]
  0x0000019d9b9073c0 JavaThread "Java2D Disposer"            daemon [_thread_blocked, id=22188, stack(0x00000004de600000,0x00000004de700000) (1024K)]
  0x0000019d9b907a30 JavaThread "AWT-Shutdown"                      [_thread_blocked, id=19444, stack(0x00000004de700000,0x00000004de800000) (1024K)]
  0x0000019d9b8f9d40 JavaThread "AWT-Windows"                daemon [_thread_blocked, id=5588, stack(0x00000004de800000,0x00000004de900000) (1024K)]
  0x0000019d9b99e6d0 JavaThread "AWT-EventQueue-0"                  [_thread_blocked, id=17140, stack(0x00000004de900000,0x00000004dea00000) (1024K)]
  0x0000019df912eef0 JavaThread "DestroyJavaVM"                     [_thread_blocked, id=8980, stack(0x00000004dd300000,0x00000004dd400000) (1024K)]
  0x0000019de2b7d050 JavaThread "TimerQueue"                 daemon [_thread_blocked, id=15628, stack(0x00000004ded00000,0x00000004dee00000) (1024K)]
  0x0000019de1e24690 JavaThread "C2 CompilerThread1"         daemon [_thread_blocked, id=7808, stack(0x00000004dd000000,0x00000004dd100000) (1024K)]
Total: 17

Other Threads:
=>0x0000019dff2d6ff0 VMThread "VM Thread"                           [id=5680, stack(0x00000004dda00000,0x00000004ddb00000) (1024K)]
  0x0000019dff2c1b40 WatcherThread "VM Periodic Task Thread"        [id=816, stack(0x00000004dd900000,0x00000004dda00000) (1024K)]
  0x0000019dfb54edc0 WorkerThread "GC Thread#0"                     [id=21432, stack(0x00000004dd400000,0x00000004dd500000) (1024K)]
  0x0000019d9b644a20 WorkerThread "GC Thread#1"                     [id=3380, stack(0x00000004dea00000,0x00000004deb00000) (1024K)]
  0x0000019d9b644dd0 WorkerThread "GC Thread#2"                     [id=956, stack(0x00000004dee00000,0x00000004def00000) (1024K)]
  0x0000019d9b645180 WorkerThread "GC Thread#3"                     [id=17824, stack(0x00000004def00000,0x00000004df000000) (1024K)]
  0x0000019d9b645530 WorkerThread "GC Thread#4"                     [id=23028, stack(0x00000004df000000,0x00000004df100000) (1024K)]
  0x0000019d9b6458e0 WorkerThread "GC Thread#5"                     [id=6264, stack(0x00000004df100000,0x00000004df200000) (1024K)]
  0x0000019de236fa50 WorkerThread "GC Thread#6"                     [id=19560, stack(0x00000004df200000,0x00000004df300000) (1024K)]
  0x0000019de2e91350 WorkerThread "GC Thread#7"                     [id=22328, stack(0x00000004df300000,0x00000004df400000) (1024K)]
  0x0000019dfb566a60 ConcurrentGCThread "G1 Main Marker"            [id=15804, stack(0x00000004dd500000,0x00000004dd600000) (1024K)]
  0x0000019dfb567c20 WorkerThread "G1 Conc#0"                       [id=19876, stack(0x00000004dd600000,0x00000004dd700000) (1024K)]
  0x0000019dff192980 ConcurrentGCThread "G1 Refine#0"               [id=16360, stack(0x00000004dd700000,0x00000004dd800000) (1024K)]
  0x0000019dff1931b0 ConcurrentGCThread "G1 Service"                [id=19568, stack(0x00000004dd800000,0x00000004dd900000) (1024K)]
Total: 14

Threads with active compile tasks:
Total: 0

VM state: at safepoint (normal execution)

VM Mutex/Monitor currently owned by a thread:  ([mutex/lock_event])
[0x00007fff62753910] Threads_lock - owner thread: 0x0000019dff2d6ff0
[0x00007fff62753a10] Heap_lock - owner thread: 0x0000019d9b99e6d0

Heap address: 0x0000000703a00000, size: 4038 MB, Compressed Oops mode: Zero based, Oop shift amount: 3

CDS archive(s) mapped at: [0x0000019d9c000000-0x0000019d9cd70000-0x0000019d9cd70000), size 14090240, SharedBaseAddress: 0x0000019d9c000000, ArchiveRelocationMode: 1.
Compressed class space mapped at: 0x0000019d9d000000-0x0000019ddd000000, reserved size: 1073741824
Narrow klass base: 0x0000019d9c000000, Narrow klass shift: 0, Narrow klass range: 0x41000000

GC Precious Log:
 CardTable entry size: 512
 Card Set container configuration: InlinePtr #cards 4 size 8 Array Of Cards #cards 16 size 48 Howl #buckets 8 coarsen threshold 3686 Howl Bitmap #cards 512 size 80 coarsen threshold 460 Card regions per heap region 1 cards per card region 4096
 CPUs: 8 total, 8 available
 Memory: 16150M
 Large Page Support: Disabled
 NUMA Support: Disabled
 Compressed Oops: Enabled (Zero based)
 Heap Region Size: 2M
 Heap Min Capacity: 8M
 Heap Initial Capacity: 254M
 Heap Max Capacity: 4038M
 Pre-touch: Disabled
 Parallel Workers: 8
 Concurrent Workers: 2
 Concurrent Refinement Workers: 8
 Periodic GC: Disabled

Heap:
 garbage-first heap   total reserved 4134912K, committed 780288K, used 241664K [0x0000000703a00000, 0x0000000800000000)
  region size 2048K, 17 young (34816K), 17 survivors (34816K)
 Metaspace       used 14110K, committed 14400K, reserved 1114112K
  class space    used 1617K, committed 1728K, reserved 1048576K

Heap Regions: E=young(eden), S=young(survivor), O=old, HS=humongous(starts), HC=humongous(continues), CS=collection set, F=free, TAMS=top-at-mark-start, PB=parsable bottom
|   0|0x0000000703a00000, 0x0000000703c00000, 0x0000000703c00000|100%|HS|  |TAMS 0x0000000703a00000| PB 0x0000000703a00000| Complete |  0
|   1|0x0000000703c00000, 0x0000000703e00000, 0x0000000703e00000|100%| O|  |TAMS 0x0000000703c00000| PB 0x0000000703c00000| Untracked |  0
|   2|0x0000000703e00000, 0x0000000704000000, 0x0000000704000000|100%| O|  |TAMS 0x0000000703e00000| PB 0x0000000703e00000| Untracked |  0
|   3|0x0000000704000000, 0x0000000704200000, 0x0000000704200000|100%| O|  |TAMS 0x0000000704000000| PB 0x0000000704000000| Untracked |  0
|   4|0x0000000704200000, 0x0000000704400000, 0x0000000704400000|100%| O|  |TAMS 0x0000000704200000| PB 0x0000000704200000| Untracked |  0
|   5|0x0000000704400000, 0x0000000704600000, 0x0000000704600000|100%| O|  |TAMS 0x0000000704400000| PB 0x0000000704400000| Untracked |  0
|   6|0x0000000704600000, 0x0000000704800000, 0x0000000704800000|100%| O|  |TAMS 0x0000000704600000| PB 0x0000000704600000| Untracked |  0
|   7|0x0000000704800000, 0x0000000704a00000, 0x0000000704a00000|100%| O|  |TAMS 0x0000000704800000| PB 0x0000000704800000| Untracked |  0
|   8|0x0000000704a00000, 0x0000000704c00000, 0x0000000704c00000|100%| O|  |TAMS 0x0000000704a00000| PB 0x0000000704a00000| Untracked |  0
|   9|0x0000000704c00000, 0x0000000704e00000, 0x0000000704e00000|100%| O|  |TAMS 0x0000000704c00000| PB 0x0000000704c00000| Untracked |  0
|  10|0x0000000704e00000, 0x0000000705000000, 0x0000000705000000|100%| O|  |TAMS 0x0000000704e00000| PB 0x0000000704e00000| Untracked |  0
|  11|0x0000000705000000, 0x0000000705200000, 0x0000000705200000|100%| O|  |TAMS 0x0000000705000000| PB 0x0000000705000000| Untracked |  0
|  12|0x0000000705200000, 0x0000000705400000, 0x0000000705400000|100%| O|  |TAMS 0x0000000705200000| PB 0x0000000705200000| Untracked |  0
|  13|0x0000000705400000, 0x0000000705600000, 0x0000000705600000|100%| O|  |TAMS 0x0000000705400000| PB 0x0000000705400000| Untracked |  0
|  14|0x0000000705600000, 0x0000000705800000, 0x0000000705800000|100%| O|  |TAMS 0x0000000705600000| PB 0x0000000705600000| Untracked |  0
|  15|0x0000000705800000, 0x0000000705a00000, 0x0000000705a00000|100%| O|  |TAMS 0x0000000705800000| PB 0x0000000705800000| Untracked |  0
|  16|0x0000000705a00000, 0x0000000705c00000, 0x0000000705c00000|100%| O|  |TAMS 0x0000000705a00000| PB 0x0000000705a00000| Untracked |  0
|  17|0x0000000705c00000, 0x0000000705e00000, 0x0000000705e00000|100%| O|  |TAMS 0x0000000705c00000| PB 0x0000000705c00000| Untracked |  0
|  18|0x0000000705e00000, 0x0000000706000000, 0x0000000706000000|100%| O|  |TAMS 0x0000000705e00000| PB 0x0000000705e00000| Untracked |  0
|  19|0x0000000706000000, 0x0000000706200000, 0x0000000706200000|100%| O|  |TAMS 0x0000000706000000| PB 0x0000000706000000| Untracked |  0
|  20|0x0000000706200000, 0x0000000706400000, 0x0000000706400000|100%| O|  |TAMS 0x0000000706200000| PB 0x0000000706200000| Untracked |  0
|  21|0x0000000706400000, 0x0000000706600000, 0x0000000706600000|100%| O|  |TAMS 0x0000000706400000| PB 0x0000000706400000| Untracked |  0
|  22|0x0000000706600000, 0x0000000706800000, 0x0000000706800000|100%| O|  |TAMS 0x0000000706600000| PB 0x0000000706600000| Untracked |  0
|  23|0x0000000706800000, 0x0000000706a00000, 0x0000000706a00000|100%| O|  |TAMS 0x0000000706800000| PB 0x0000000706800000| Untracked |  0
|  24|0x0000000706a00000, 0x0000000706c00000, 0x0000000706c00000|100%| O|  |TAMS 0x0000000706a00000| PB 0x0000000706a00000| Untracked |  0
|  25|0x0000000706c00000, 0x0000000706e00000, 0x0000000706e00000|100%| O|  |TAMS 0x0000000706c00000| PB 0x0000000706c00000| Untracked |  0
|  26|0x0000000706e00000, 0x0000000707000000, 0x0000000707000000|100%| O|  |TAMS 0x0000000706e00000| PB 0x0000000706e00000| Untracked |  0
|  27|0x0000000707000000, 0x0000000707200000, 0x0000000707200000|100%| O|  |TAMS 0x0000000707000000| PB 0x0000000707000000| Untracked |  0
|  28|0x0000000707200000, 0x0000000707400000, 0x0000000707400000|100%| O|  |TAMS 0x0000000707200000| PB 0x0000000707200000| Untracked |  0
|  29|0x0000000707400000, 0x0000000707600000, 0x0000000707600000|100%| O|  |TAMS 0x0000000707400000| PB 0x0000000707400000| Untracked |  0
|  30|0x0000000707600000, 0x0000000707800000, 0x0000000707800000|100%| O|  |TAMS 0x0000000707600000| PB 0x0000000707600000| Untracked |  0
|  31|0x0000000707800000, 0x0000000707a00000, 0x0000000707a00000|100%| O|  |TAMS 0x0000000707800000| PB 0x0000000707800000| Untracked |  0
|  32|0x0000000707a00000, 0x0000000707c00000, 0x0000000707c00000|100%| O|  |TAMS 0x0000000707a00000| PB 0x0000000707a00000| Untracked |  0
|  33|0x0000000707c00000, 0x0000000707e00000, 0x0000000707e00000|100%| O|  |TAMS 0x0000000707c00000| PB 0x0000000707c00000| Untracked |  0
|  34|0x0000000707e00000, 0x0000000708000000, 0x0000000708000000|100%| O|  |TAMS 0x0000000707e00000| PB 0x0000000707e00000| Untracked |  0
|  35|0x0000000708000000, 0x0000000708200000, 0x0000000708200000|100%| O|  |TAMS 0x0000000708000000| PB 0x0000000708000000| Untracked |  0
|  36|0x0000000708200000, 0x0000000708400000, 0x0000000708400000|100%| O|  |TAMS 0x0000000708200000| PB 0x0000000708200000| Untracked |  0
|  37|0x0000000708400000, 0x0000000708600000, 0x0000000708600000|100%| O|  |TAMS 0x0000000708400000| PB 0x0000000708400000| Untracked |  0
|  38|0x0000000708600000, 0x0000000708800000, 0x0000000708800000|100%| O|  |TAMS 0x0000000708600000| PB 0x0000000708600000| Untracked |  0
|  39|0x0000000708800000, 0x0000000708a00000, 0x0000000708a00000|100%| O|  |TAMS 0x0000000708800000| PB 0x0000000708800000| Untracked |  0
|  40|0x0000000708a00000, 0x0000000708c00000, 0x0000000708c00000|100%| O|  |TAMS 0x0000000708a00000| PB 0x0000000708a00000| Untracked |  0
|  41|0x0000000708c00000, 0x0000000708e00000, 0x0000000708e00000|100%| O|  |TAMS 0x0000000708c00000| PB 0x0000000708c00000| Untracked |  0
|  42|0x0000000708e00000, 0x0000000709000000, 0x0000000709000000|100%| O|  |TAMS 0x0000000708e00000| PB 0x0000000708e00000| Untracked |  0
|  43|0x0000000709000000, 0x0000000709200000, 0x0000000709200000|100%| O|  |TAMS 0x0000000709000000| PB 0x0000000709000000| Untracked |  0
|  44|0x0000000709200000, 0x0000000709400000, 0x0000000709400000|100%| O|  |TAMS 0x0000000709200000| PB 0x0000000709200000| Untracked |  0
|  45|0x0000000709400000, 0x0000000709600000, 0x0000000709600000|100%| O|  |TAMS 0x0000000709400000| PB 0x0000000709400000| Untracked |  0
|  46|0x0000000709600000, 0x0000000709800000, 0x0000000709800000|100%| O|  |TAMS 0x0000000709600000| PB 0x0000000709600000| Untracked |  0
|  47|0x0000000709800000, 0x0000000709a00000, 0x0000000709a00000|100%| O|  |TAMS 0x0000000709800000| PB 0x0000000709800000| Untracked |  0
|  48|0x0000000709a00000, 0x0000000709c00000, 0x0000000709c00000|100%| O|  |TAMS 0x0000000709a00000| PB 0x0000000709a00000| Untracked |  0
|  49|0x0000000709c00000, 0x0000000709e00000, 0x0000000709e00000|100%| O|  |TAMS 0x0000000709c00000| PB 0x0000000709c00000| Untracked |  0
|  50|0x0000000709e00000, 0x000000070a000000, 0x000000070a000000|100%|HS|  |TAMS 0x0000000709e00000| PB 0x0000000709e00000| Complete |  0
|  51|0x000000070a000000, 0x000000070a200000, 0x000000070a200000|100%|HS|  |TAMS 0x000000070a000000| PB 0x000000070a000000| Complete |  0
|  52|0x000000070a200000, 0x000000070a400000, 0x000000070a400000|100%| O|  |TAMS 0x000000070a200000| PB 0x000000070a200000| Untracked |  0
|  53|0x000000070a400000, 0x000000070a600000, 0x000000070a600000|100%| O|  |TAMS 0x000000070a400000| PB 0x000000070a400000| Untracked |  0
|  54|0x000000070a600000, 0x000000070a800000, 0x000000070a800000|100%| O|  |TAMS 0x000000070a600000| PB 0x000000070a600000| Untracked |  0
|  55|0x000000070a800000, 0x000000070aa00000, 0x000000070aa00000|100%| O|  |TAMS 0x000000070a800000| PB 0x000000070a800000| Untracked |  0
|  56|0x000000070aa00000, 0x000000070ac00000, 0x000000070ac00000|100%| O|  |TAMS 0x000000070aa00000| PB 0x000000070aa00000| Untracked |  0
|  57|0x000000070ac00000, 0x000000070ae00000, 0x000000070ae00000|100%| O|  |TAMS 0x000000070ac00000| PB 0x000000070ac00000| Untracked |  0
|  58|0x000000070ae00000, 0x000000070b000000, 0x000000070b000000|100%| O|  |TAMS 0x000000070ae00000| PB 0x000000070ae00000| Untracked |  0
|  59|0x000000070b000000, 0x000000070b200000, 0x000000070b200000|100%| O|  |TAMS 0x000000070b000000| PB 0x000000070b000000| Untracked |  0
|  60|0x000000070b200000, 0x000000070b400000, 0x000000070b400000|100%| O|  |TAMS 0x000000070b200000| PB 0x000000070b200000| Untracked |  0
|  61|0x000000070b400000, 0x000000070b600000, 0x000000070b600000|100%| O|  |TAMS 0x000000070b400000| PB 0x000000070b400000| Untracked |  0
|  62|0x000000070b600000, 0x000000070b800000, 0x000000070b800000|100%| O|  |TAMS 0x000000070b600000| PB 0x000000070b600000| Untracked |  0
|  63|0x000000070b800000, 0x000000070ba00000, 0x000000070ba00000|100%| O|  |TAMS 0x000000070b800000| PB 0x000000070b800000| Untracked |  0
|  64|0x000000070ba00000, 0x000000070bc00000, 0x000000070bc00000|100%| O|  |TAMS 0x000000070ba00000| PB 0x000000070ba00000| Untracked |  0
|  65|0x000000070bc00000, 0x000000070be00000, 0x000000070be00000|100%| O|  |TAMS 0x000000070bc00000| PB 0x000000070bc00000| Untracked |  0
|  66|0x000000070be00000, 0x000000070c000000, 0x000000070c000000|100%| O|  |TAMS 0x000000070be00000| PB 0x000000070be00000| Untracked |  0
|  67|0x000000070c000000, 0x000000070c200000, 0x000000070c200000|100%| O|  |TAMS 0x000000070c000000| PB 0x000000070c000000| Untracked |  0
|  68|0x000000070c200000, 0x000000070c400000, 0x000000070c400000|100%| O|  |TAMS 0x000000070c200000| PB 0x000000070c200000| Untracked |  0
|  69|0x000000070c400000, 0x000000070c600000, 0x000000070c600000|100%| O|  |TAMS 0x000000070c400000| PB 0x000000070c400000| Untracked |  0
|  70|0x000000070c600000, 0x000000070c800000, 0x000000070c800000|100%| O|  |TAMS 0x000000070c600000| PB 0x000000070c600000| Untracked |  0
|  71|0x000000070c800000, 0x000000070ca00000, 0x000000070ca00000|100%| O|  |TAMS 0x000000070c800000| PB 0x000000070c800000| Untracked |  0
|  72|0x000000070ca00000, 0x000000070cc00000, 0x000000070cc00000|100%| O|  |TAMS 0x000000070ca00000| PB 0x000000070ca00000| Untracked |  0
|  73|0x000000070cc00000, 0x000000070ce00000, 0x000000070ce00000|100%| O|  |TAMS 0x000000070cc00000| PB 0x000000070cc00000| Untracked |  0
|  74|0x000000070ce00000, 0x000000070d000000, 0x000000070d000000|100%| O|  |TAMS 0x000000070ce00000| PB 0x000000070ce00000| Untracked |  0
|  75|0x000000070d000000, 0x000000070d200000, 0x000000070d200000|100%| O|  |TAMS 0x000000070d000000| PB 0x000000070d000000| Untracked |  0
|  76|0x000000070d200000, 0x000000070d400000, 0x000000070d400000|100%| O|  |TAMS 0x000000070d200000| PB 0x000000070d200000| Untracked |  0
|  77|0x000000070d400000, 0x000000070d600000, 0x000000070d600000|100%| O|  |TAMS 0x000000070d400000| PB 0x000000070d400000| Untracked |  0
|  78|0x000000070d600000, 0x000000070d800000, 0x000000070d800000|100%| O|  |TAMS 0x000000070d600000| PB 0x000000070d600000| Untracked |  0
|  79|0x000000070d800000, 0x000000070da00000, 0x000000070da00000|100%|HS|  |TAMS 0x000000070d800000| PB 0x000000070d800000| Complete |  0
|  80|0x000000070da00000, 0x000000070dc00000, 0x000000070dc00000|100%|HC|  |TAMS 0x000000070da00000| PB 0x000000070da00000| Complete |  0
|  81|0x000000070dc00000, 0x000000070de00000, 0x000000070de00000|100%|HS|  |TAMS 0x000000070dc00000| PB 0x000000070dc00000| Complete |  0
|  82|0x000000070de00000, 0x000000070e000000, 0x000000070e000000|100%|HC|  |TAMS 0x000000070de00000| PB 0x000000070de00000| Complete |  0
|  83|0x000000070e000000, 0x000000070e200000, 0x000000070e200000|100%| O|  |TAMS 0x000000070e000000| PB 0x000000070e000000| Untracked |  0
|  84|0x000000070e200000, 0x000000070e400000, 0x000000070e400000|100%| O|  |TAMS 0x000000070e200000| PB 0x000000070e200000| Untracked |  0
|  85|0x000000070e400000, 0x000000070e600000, 0x000000070e600000|100%| O|  |TAMS 0x000000070e400000| PB 0x000000070e400000| Untracked |  0
|  86|0x000000070e600000, 0x000000070e800000, 0x000000070e800000|100%| O|  |TAMS 0x000000070e600000| PB 0x000000070e600000| Untracked |  0
|  87|0x000000070e800000, 0x000000070ea00000, 0x000000070ea00000|100%| O|  |TAMS 0x000000070e800000| PB 0x000000070e800000| Untracked |  0
|  88|0x000000070ea00000, 0x000000070ec00000, 0x000000070ec00000|100%| O|  |TAMS 0x000000070ea00000| PB 0x000000070ea00000| Untracked |  0
|  89|0x000000070ec00000, 0x000000070ee00000, 0x000000070ee00000|100%| O|  |TAMS 0x000000070ec00000| PB 0x000000070ec00000| Untracked |  0
|  90|0x000000070ee00000, 0x000000070f000000, 0x000000070f000000|100%| O|  |TAMS 0x000000070ee00000| PB 0x000000070ee00000| Untracked |  0
|  91|0x000000070f000000, 0x000000070f200000, 0x000000070f200000|100%| O|  |TAMS 0x000000070f000000| PB 0x000000070f000000| Untracked |  0
|  92|0x000000070f200000, 0x000000070f400000, 0x000000070f400000|100%| O|  |TAMS 0x000000070f200000| PB 0x000000070f200000| Untracked |  0
|  93|0x000000070f400000, 0x000000070f600000, 0x000000070f600000|100%| O|  |TAMS 0x000000070f400000| PB 0x000000070f400000| Untracked |  0
|  94|0x000000070f600000, 0x000000070f800000, 0x000000070f800000|100%| O|  |TAMS 0x000000070f600000| PB 0x000000070f600000| Untracked |  0
|  95|0x000000070f800000, 0x000000070fa00000, 0x000000070fa00000|100%| O|  |TAMS 0x000000070f800000| PB 0x000000070f800000| Untracked |  0
|  96|0x000000070fa00000, 0x000000070fc00000, 0x000000070fc00000|100%| O|  |TAMS 0x000000070fa00000| PB 0x000000070fa00000| Untracked |  0
|  97|0x000000070fc00000, 0x000000070fe00000, 0x000000070fe00000|100%| O|  |TAMS 0x000000070fc00000| PB 0x000000070fc00000| Untracked |  0
|  98|0x000000070fe00000, 0x0000000710000000, 0x0000000710000000|100%| O|  |TAMS 0x000000070fe00000| PB 0x000000070fe00000| Untracked |  0
|  99|0x0000000710000000, 0x0000000710200000, 0x0000000710200000|100%| O|  |TAMS 0x0000000710000000| PB 0x0000000710000000| Untracked |  0
| 100|0x0000000710200000, 0x0000000710400000, 0x0000000710400000|100%| O|  |TAMS 0x0000000710200000| PB 0x0000000710200000| Untracked |  0
| 101|0x0000000710400000, 0x0000000710400000, 0x0000000710600000|  0%| F|  |TAMS 0x0000000710400000| PB 0x0000000710400000| Untracked |  0
| 102|0x0000000710600000, 0x0000000710600000, 0x0000000710800000|  0%| F|  |TAMS 0x0000000710600000| PB 0x0000000710600000| Untracked |  0
| 103|0x0000000710800000, 0x0000000710800000, 0x0000000710a00000|  0%| F|  |TAMS 0x0000000710800000| PB 0x0000000710800000| Untracked |  0
| 104|0x0000000710a00000, 0x0000000710a00000, 0x0000000710c00000|  0%| F|  |TAMS 0x0000000710a00000| PB 0x0000000710a00000| Untracked |  0
| 105|0x0000000710c00000, 0x0000000710c00000, 0x0000000710e00000|  0%| F|  |TAMS 0x0000000710c00000| PB 0x0000000710c00000| Untracked |  0
| 106|0x0000000710e00000, 0x0000000710e00000, 0x0000000711000000|  0%| F|  |TAMS 0x0000000710e00000| PB 0x0000000710e00000| Untracked |  0
| 107|0x0000000711000000, 0x0000000711000000, 0x0000000711200000|  0%| F|  |TAMS 0x0000000711000000| PB 0x0000000711000000| Untracked |  0
| 108|0x0000000711200000, 0x0000000711200000, 0x0000000711400000|  0%| F|  |TAMS 0x0000000711200000| PB 0x0000000711200000| Untracked |  0
| 109|0x0000000711400000, 0x0000000711400000, 0x0000000711600000|  0%| F|  |TAMS 0x0000000711400000| PB 0x0000000711400000| Untracked |  0
| 110|0x0000000711600000, 0x0000000711600000, 0x0000000711800000|  0%| F|  |TAMS 0x0000000711600000| PB 0x0000000711600000| Untracked |  0
| 111|0x0000000711800000, 0x0000000711800000, 0x0000000711a00000|  0%| F|  |TAMS 0x0000000711800000| PB 0x0000000711800000| Untracked |  0
| 112|0x0000000711a00000, 0x0000000711a00000, 0x0000000711c00000|  0%| F|  |TAMS 0x0000000711a00000| PB 0x0000000711a00000| Untracked |  0
| 113|0x0000000711c00000, 0x0000000711c00000, 0x0000000711e00000|  0%| F|  |TAMS 0x0000000711c00000| PB 0x0000000711c00000| Untracked |  0
| 114|0x0000000711e00000, 0x0000000711e00000, 0x0000000712000000|  0%| F|  |TAMS 0x0000000711e00000| PB 0x0000000711e00000| Untracked |  0
| 115|0x0000000712000000, 0x0000000712000000, 0x0000000712200000|  0%| F|  |TAMS 0x0000000712000000| PB 0x0000000712000000| Untracked |  0
| 116|0x0000000712200000, 0x0000000712200000, 0x0000000712400000|  0%| F|  |TAMS 0x0000000712200000| PB 0x0000000712200000| Untracked |  0
| 117|0x0000000712400000, 0x0000000712400000, 0x0000000712600000|  0%| F|  |TAMS 0x0000000712400000| PB 0x0000000712400000| Untracked |  0
| 118|0x0000000712600000, 0x0000000712600000, 0x0000000712800000|  0%| F|  |TAMS 0x0000000712600000| PB 0x0000000712600000| Untracked |  0
| 119|0x0000000712800000, 0x0000000712800000, 0x0000000712a00000|  0%| F|  |TAMS 0x0000000712800000| PB 0x0000000712800000| Untracked |  0
| 120|0x0000000712a00000, 0x0000000712a00000, 0x0000000712c00000|  0%| F|  |TAMS 0x0000000712a00000| PB 0x0000000712a00000| Untracked |  0
| 121|0x0000000712c00000, 0x0000000712c00000, 0x0000000712e00000|  0%| F|  |TAMS 0x0000000712c00000| PB 0x0000000712c00000| Untracked |  0
| 122|0x0000000712e00000, 0x0000000712e00000, 0x0000000713000000|  0%| F|  |TAMS 0x0000000712e00000| PB 0x0000000712e00000| Untracked |  0
| 123|0x0000000713000000, 0x0000000713000000, 0x0000000713200000|  0%| F|  |TAMS 0x0000000713000000| PB 0x0000000713000000| Untracked |  0
| 124|0x0000000713200000, 0x0000000713200000, 0x0000000713400000|  0%| F|  |TAMS 0x0000000713200000| PB 0x0000000713200000| Untracked |  0
| 125|0x0000000713400000, 0x0000000713400000, 0x0000000713600000|  0%| F|  |TAMS 0x0000000713400000| PB 0x0000000713400000| Untracked |  0
| 126|0x0000000713600000, 0x0000000713600000, 0x0000000713800000|  0%| F|  |TAMS 0x0000000713600000| PB 0x0000000713600000| Untracked |  0
| 127|0x0000000713800000, 0x0000000713800000, 0x0000000713a00000|  0%| F|  |TAMS 0x0000000713800000| PB 0x0000000713800000| Untracked |  0
| 128|0x0000000713a00000, 0x0000000713a00000, 0x0000000713c00000|  0%| F|  |TAMS 0x0000000713a00000| PB 0x0000000713a00000| Untracked |  0
| 129|0x0000000713c00000, 0x0000000713c00000, 0x0000000713e00000|  0%| F|  |TAMS 0x0000000713c00000| PB 0x0000000713c00000| Untracked |  0
| 130|0x0000000713e00000, 0x0000000713e00000, 0x0000000714000000|  0%| F|  |TAMS 0x0000000713e00000| PB 0x0000000713e00000| Untracked |  0
| 131|0x0000000714000000, 0x0000000714000000, 0x0000000714200000|  0%| F|  |TAMS 0x0000000714000000| PB 0x0000000714000000| Untracked |  0
| 132|0x0000000714200000, 0x0000000714200000, 0x0000000714400000|  0%| F|  |TAMS 0x0000000714200000| PB 0x0000000714200000| Untracked |  0
| 133|0x0000000714400000, 0x0000000714400000, 0x0000000714600000|  0%| F|  |TAMS 0x0000000714400000| PB 0x0000000714400000| Untracked |  0
| 134|0x0000000714600000, 0x0000000714600000, 0x0000000714800000|  0%| F|  |TAMS 0x0000000714600000| PB 0x0000000714600000| Untracked |  0
| 135|0x0000000714800000, 0x0000000714800000, 0x0000000714a00000|  0%| F|  |TAMS 0x0000000714800000| PB 0x0000000714800000| Untracked |  0
| 136|0x0000000714a00000, 0x0000000714a00000, 0x0000000714c00000|  0%| F|  |TAMS 0x0000000714a00000| PB 0x0000000714a00000| Untracked |  0
| 137|0x0000000714c00000, 0x0000000714c00000, 0x0000000714e00000|  0%| F|  |TAMS 0x0000000714c00000| PB 0x0000000714c00000| Untracked |  0
| 138|0x0000000714e00000, 0x0000000714e00000, 0x0000000715000000|  0%| F|  |TAMS 0x0000000714e00000| PB 0x0000000714e00000| Untracked |  0
| 139|0x0000000715000000, 0x0000000715000000, 0x0000000715200000|  0%| F|  |TAMS 0x0000000715000000| PB 0x0000000715000000| Untracked |  0
| 140|0x0000000715200000, 0x0000000715200000, 0x0000000715400000|  0%| F|  |TAMS 0x0000000715200000| PB 0x0000000715200000| Untracked |  0
| 141|0x0000000715400000, 0x0000000715400000, 0x0000000715600000|  0%| F|  |TAMS 0x0000000715400000| PB 0x0000000715400000| Untracked |  0
| 142|0x0000000715600000, 0x0000000715600000, 0x0000000715800000|  0%| F|  |TAMS 0x0000000715600000| PB 0x0000000715600000| Untracked |  0
| 143|0x0000000715800000, 0x0000000715800000, 0x0000000715a00000|  0%| F|  |TAMS 0x0000000715800000| PB 0x0000000715800000| Untracked |  0
| 144|0x0000000715a00000, 0x0000000715a00000, 0x0000000715c00000|  0%| F|  |TAMS 0x0000000715a00000| PB 0x0000000715a00000| Untracked |  0
| 145|0x0000000715c00000, 0x0000000715c00000, 0x0000000715e00000|  0%| F|  |TAMS 0x0000000715c00000| PB 0x0000000715c00000| Untracked |  0
| 146|0x0000000715e00000, 0x0000000715e00000, 0x0000000716000000|  0%| F|  |TAMS 0x0000000715e00000| PB 0x0000000715e00000| Untracked |  0
| 147|0x0000000716000000, 0x0000000716000000, 0x0000000716200000|  0%| F|  |TAMS 0x0000000716000000| PB 0x0000000716000000| Untracked |  0
| 148|0x0000000716200000, 0x0000000716200000, 0x0000000716400000|  0%| F|  |TAMS 0x0000000716200000| PB 0x0000000716200000| Untracked |  0
| 149|0x0000000716400000, 0x0000000716400000, 0x0000000716600000|  0%| F|  |TAMS 0x0000000716400000| PB 0x0000000716400000| Untracked |  0
| 150|0x0000000716600000, 0x0000000716600000, 0x0000000716800000|  0%| F|  |TAMS 0x0000000716600000| PB 0x0000000716600000| Untracked |  0
| 151|0x0000000716800000, 0x0000000716800000, 0x0000000716a00000|  0%| F|  |TAMS 0x0000000716800000| PB 0x0000000716800000| Untracked |  0
| 152|0x0000000716a00000, 0x0000000716a00000, 0x0000000716c00000|  0%| F|  |TAMS 0x0000000716a00000| PB 0x0000000716a00000| Untracked |  0
| 153|0x0000000716c00000, 0x0000000716c00000, 0x0000000716e00000|  0%| F|  |TAMS 0x0000000716c00000| PB 0x0000000716c00000| Untracked |  0
| 154|0x0000000716e00000, 0x0000000716e00000, 0x0000000717000000|  0%| F|  |TAMS 0x0000000716e00000| PB 0x0000000716e00000| Untracked |  0
| 155|0x0000000717000000, 0x0000000717000000, 0x0000000717200000|  0%| F|  |TAMS 0x0000000717000000| PB 0x0000000717000000| Untracked |  0
| 156|0x0000000717200000, 0x0000000717200000, 0x0000000717400000|  0%| F|  |TAMS 0x0000000717200000| PB 0x0000000717200000| Untracked |  0
| 157|0x0000000717400000, 0x0000000717400000, 0x0000000717600000|  0%| F|  |TAMS 0x0000000717400000| PB 0x0000000717400000| Untracked |  0
| 158|0x0000000717600000, 0x0000000717600000, 0x0000000717800000|  0%| F|  |TAMS 0x0000000717600000| PB 0x0000000717600000| Untracked |  0
| 159|0x0000000717800000, 0x0000000717800000, 0x0000000717a00000|  0%| F|  |TAMS 0x0000000717800000| PB 0x0000000717800000| Untracked |  0
| 160|0x0000000717a00000, 0x0000000717a00000, 0x0000000717c00000|  0%| F|  |TAMS 0x0000000717a00000| PB 0x0000000717a00000| Untracked |  0
| 161|0x0000000717c00000, 0x0000000717c00000, 0x0000000717e00000|  0%| F|  |TAMS 0x0000000717c00000| PB 0x0000000717c00000| Untracked |  0
| 162|0x0000000717e00000, 0x0000000717e00000, 0x0000000718000000|  0%| F|  |TAMS 0x0000000717e00000| PB 0x0000000717e00000| Untracked |  0
| 163|0x0000000718000000, 0x0000000718000000, 0x0000000718200000|  0%| F|  |TAMS 0x0000000718000000| PB 0x0000000718000000| Untracked |  0
| 164|0x0000000718200000, 0x0000000718200000, 0x0000000718400000|  0%| F|  |TAMS 0x0000000718200000| PB 0x0000000718200000| Untracked |  0
| 165|0x0000000718400000, 0x0000000718400000, 0x0000000718600000|  0%| F|  |TAMS 0x0000000718400000| PB 0x0000000718400000| Untracked |  0
| 166|0x0000000718600000, 0x0000000718600000, 0x0000000718800000|  0%| F|  |TAMS 0x0000000718600000| PB 0x0000000718600000| Untracked |  0
| 167|0x0000000718800000, 0x0000000718800000, 0x0000000718a00000|  0%| F|  |TAMS 0x0000000718800000| PB 0x0000000718800000| Untracked |  0
| 168|0x0000000718a00000, 0x0000000718a00000, 0x0000000718c00000|  0%| F|  |TAMS 0x0000000718a00000| PB 0x0000000718a00000| Untracked |  0
| 169|0x0000000718c00000, 0x0000000718c00000, 0x0000000718e00000|  0%| F|  |TAMS 0x0000000718c00000| PB 0x0000000718c00000| Untracked |  0
| 170|0x0000000718e00000, 0x0000000718e00000, 0x0000000719000000|  0%| F|  |TAMS 0x0000000718e00000| PB 0x0000000718e00000| Untracked |  0
| 171|0x0000000719000000, 0x0000000719000000, 0x0000000719200000|  0%| F|  |TAMS 0x0000000719000000| PB 0x0000000719000000| Untracked |  0
| 172|0x0000000719200000, 0x0000000719200000, 0x0000000719400000|  0%| F|  |TAMS 0x0000000719200000| PB 0x0000000719200000| Untracked |  0
| 173|0x0000000719400000, 0x0000000719400000, 0x0000000719600000|  0%| F|  |TAMS 0x0000000719400000| PB 0x0000000719400000| Untracked |  0
| 174|0x0000000719600000, 0x0000000719600000, 0x0000000719800000|  0%| F|  |TAMS 0x0000000719600000| PB 0x0000000719600000| Untracked |  0
| 175|0x0000000719800000, 0x0000000719800000, 0x0000000719a00000|  0%| F|  |TAMS 0x0000000719800000| PB 0x0000000719800000| Untracked |  0
| 176|0x0000000719a00000, 0x0000000719a00000, 0x0000000719c00000|  0%| F|  |TAMS 0x0000000719a00000| PB 0x0000000719a00000| Untracked |  0
| 177|0x0000000719c00000, 0x0000000719c00000, 0x0000000719e00000|  0%| F|  |TAMS 0x0000000719c00000| PB 0x0000000719c00000| Untracked |  0
| 178|0x0000000719e00000, 0x0000000719e00000, 0x000000071a000000|  0%| F|  |TAMS 0x0000000719e00000| PB 0x0000000719e00000| Untracked |  0
| 179|0x000000071a000000, 0x000000071a000000, 0x000000071a200000|  0%| F|  |TAMS 0x000000071a000000| PB 0x000000071a000000| Untracked |  0
| 180|0x000000071a200000, 0x000000071a200000, 0x000000071a400000|  0%| F|  |TAMS 0x000000071a200000| PB 0x000000071a200000| Untracked |  0
| 181|0x000000071a400000, 0x000000071a400000, 0x000000071a600000|  0%| F|  |TAMS 0x000000071a400000| PB 0x000000071a400000| Untracked |  0
| 182|0x000000071a600000, 0x000000071a600000, 0x000000071a800000|  0%| F|  |TAMS 0x000000071a600000| PB 0x000000071a600000| Untracked |  0
| 183|0x000000071a800000, 0x000000071a800000, 0x000000071aa00000|  0%| F|  |TAMS 0x000000071a800000| PB 0x000000071a800000| Untracked |  0
| 184|0x000000071aa00000, 0x000000071aa00000, 0x000000071ac00000|  0%| F|  |TAMS 0x000000071aa00000| PB 0x000000071aa00000| Untracked |  0
| 185|0x000000071ac00000, 0x000000071ac00000, 0x000000071ae00000|  0%| F|  |TAMS 0x000000071ac00000| PB 0x000000071ac00000| Untracked |  0
| 186|0x000000071ae00000, 0x000000071ae00000, 0x000000071b000000|  0%| F|  |TAMS 0x000000071ae00000| PB 0x000000071ae00000| Untracked |  0
| 187|0x000000071b000000, 0x000000071b000000, 0x000000071b200000|  0%| F|  |TAMS 0x000000071b000000| PB 0x000000071b000000| Untracked |  0
| 188|0x000000071b200000, 0x000000071b200000, 0x000000071b400000|  0%| F|  |TAMS 0x000000071b200000| PB 0x000000071b200000| Untracked |  0
| 189|0x000000071b400000, 0x000000071b400000, 0x000000071b600000|  0%| F|  |TAMS 0x000000071b400000| PB 0x000000071b400000| Untracked |  0
| 190|0x000000071b600000, 0x000000071b600000, 0x000000071b800000|  0%| F|  |TAMS 0x000000071b600000| PB 0x000000071b600000| Untracked |  0
| 191|0x000000071b800000, 0x000000071b800000, 0x000000071ba00000|  0%| F|  |TAMS 0x000000071b800000| PB 0x000000071b800000| Untracked |  0
| 192|0x000000071ba00000, 0x000000071ba00000, 0x000000071bc00000|  0%| F|  |TAMS 0x000000071ba00000| PB 0x000000071ba00000| Untracked |  0
| 193|0x000000071bc00000, 0x000000071bc00000, 0x000000071be00000|  0%| F|  |TAMS 0x000000071bc00000| PB 0x000000071bc00000| Untracked |  0
| 194|0x000000071be00000, 0x000000071be00000, 0x000000071c000000|  0%| F|  |TAMS 0x000000071be00000| PB 0x000000071be00000| Untracked |  0
| 195|0x000000071c000000, 0x000000071c000000, 0x000000071c200000|  0%| F|  |TAMS 0x000000071c000000| PB 0x000000071c000000| Untracked |  0
| 196|0x000000071c200000, 0x000000071c200000, 0x000000071c400000|  0%| F|  |TAMS 0x000000071c200000| PB 0x000000071c200000| Untracked |  0
| 197|0x000000071c400000, 0x000000071c400000, 0x000000071c600000|  0%| F|  |TAMS 0x000000071c400000| PB 0x000000071c400000| Untracked |  0
| 198|0x000000071c600000, 0x000000071c600000, 0x000000071c800000|  0%| F|  |TAMS 0x000000071c600000| PB 0x000000071c600000| Untracked |  0
| 199|0x000000071c800000, 0x000000071c800000, 0x000000071ca00000|  0%| F|  |TAMS 0x000000071c800000| PB 0x000000071c800000| Untracked |  0
| 200|0x000000071ca00000, 0x000000071ca00000, 0x000000071cc00000|  0%| F|  |TAMS 0x000000071ca00000| PB 0x000000071ca00000| Untracked |  0
| 201|0x000000071cc00000, 0x000000071cc00000, 0x000000071ce00000|  0%| F|  |TAMS 0x000000071cc00000| PB 0x000000071cc00000| Untracked |  0
| 202|0x000000071ce00000, 0x000000071ce00000, 0x000000071d000000|  0%| F|  |TAMS 0x000000071ce00000| PB 0x000000071ce00000| Untracked |  0
| 203|0x000000071d000000, 0x000000071d000000, 0x000000071d200000|  0%| F|  |TAMS 0x000000071d000000| PB 0x000000071d000000| Untracked |  0
| 204|0x000000071d200000, 0x000000071d200000, 0x000000071d400000|  0%| F|  |TAMS 0x000000071d200000| PB 0x000000071d200000| Untracked |  0
| 205|0x000000071d400000, 0x000000071d400000, 0x000000071d600000|  0%| F|  |TAMS 0x000000071d400000| PB 0x000000071d400000| Untracked |  0
| 206|0x000000071d600000, 0x000000071d600000, 0x000000071d800000|  0%| F|  |TAMS 0x000000071d600000| PB 0x000000071d600000| Untracked |  0
| 207|0x000000071d800000, 0x000000071d800000, 0x000000071da00000|  0%| F|  |TAMS 0x000000071d800000| PB 0x000000071d800000| Untracked |  0
| 208|0x000000071da00000, 0x000000071da00000, 0x000000071dc00000|  0%| F|  |TAMS 0x000000071da00000| PB 0x000000071da00000| Untracked |  0
| 209|0x000000071dc00000, 0x000000071dc00000, 0x000000071de00000|  0%| F|  |TAMS 0x000000071dc00000| PB 0x000000071dc00000| Untracked |  0
| 210|0x000000071de00000, 0x000000071de00000, 0x000000071e000000|  0%| F|  |TAMS 0x000000071de00000| PB 0x000000071de00000| Untracked |  0
| 211|0x000000071e000000, 0x000000071e000000, 0x000000071e200000|  0%| F|  |TAMS 0x000000071e000000| PB 0x000000071e000000| Untracked |  0
| 212|0x000000071e200000, 0x000000071e200000, 0x000000071e400000|  0%| F|  |TAMS 0x000000071e200000| PB 0x000000071e200000| Untracked |  0
| 213|0x000000071e400000, 0x000000071e400000, 0x000000071e600000|  0%| F|  |TAMS 0x000000071e400000| PB 0x000000071e400000| Untracked |  0
| 214|0x000000071e600000, 0x000000071e600000, 0x000000071e800000|  0%| F|  |TAMS 0x000000071e600000| PB 0x000000071e600000| Untracked |  0
| 215|0x000000071e800000, 0x000000071e800000, 0x000000071ea00000|  0%| F|  |TAMS 0x000000071e800000| PB 0x000000071e800000| Untracked |  0
| 216|0x000000071ea00000, 0x000000071ea00000, 0x000000071ec00000|  0%| F|  |TAMS 0x000000071ea00000| PB 0x000000071ea00000| Untracked |  0
| 217|0x000000071ec00000, 0x000000071ec00000, 0x000000071ee00000|  0%| F|  |TAMS 0x000000071ec00000| PB 0x000000071ec00000| Untracked |  0
| 218|0x000000071ee00000, 0x000000071ee00000, 0x000000071f000000|  0%| F|  |TAMS 0x000000071ee00000| PB 0x000000071ee00000| Untracked |  0
| 219|0x000000071f000000, 0x000000071f000000, 0x000000071f200000|  0%| F|  |TAMS 0x000000071f000000| PB 0x000000071f000000| Untracked |  0
| 220|0x000000071f200000, 0x000000071f200000, 0x000000071f400000|  0%| F|  |TAMS 0x000000071f200000| PB 0x000000071f200000| Untracked |  0
| 221|0x000000071f400000, 0x000000071f400000, 0x000000071f600000|  0%| F|  |TAMS 0x000000071f400000| PB 0x000000071f400000| Untracked |  0
| 222|0x000000071f600000, 0x000000071f600000, 0x000000071f800000|  0%| F|  |TAMS 0x000000071f600000| PB 0x000000071f600000| Untracked |  0
| 223|0x000000071f800000, 0x000000071f800000, 0x000000071fa00000|  0%| F|  |TAMS 0x000000071f800000| PB 0x000000071f800000| Untracked |  0
| 224|0x000000071fa00000, 0x000000071fa00000, 0x000000071fc00000|  0%| F|  |TAMS 0x000000071fa00000| PB 0x000000071fa00000| Untracked |  0
| 225|0x000000071fc00000, 0x000000071fc00000, 0x000000071fe00000|  0%| F|  |TAMS 0x000000071fc00000| PB 0x000000071fc00000| Untracked |  0
| 226|0x000000071fe00000, 0x000000071fe00000, 0x0000000720000000|  0%| F|  |TAMS 0x000000071fe00000| PB 0x000000071fe00000| Untracked |  0
| 227|0x0000000720000000, 0x0000000720000000, 0x0000000720200000|  0%| F|  |TAMS 0x0000000720000000| PB 0x0000000720000000| Untracked |  0
| 228|0x0000000720200000, 0x0000000720200000, 0x0000000720400000|  0%| F|  |TAMS 0x0000000720200000| PB 0x0000000720200000| Untracked |  0
| 229|0x0000000720400000, 0x0000000720400000, 0x0000000720600000|  0%| F|  |TAMS 0x0000000720400000| PB 0x0000000720400000| Untracked |  0
| 230|0x0000000720600000, 0x0000000720600000, 0x0000000720800000|  0%| F|  |TAMS 0x0000000720600000| PB 0x0000000720600000| Untracked |  0
| 231|0x0000000720800000, 0x0000000720800000, 0x0000000720a00000|  0%| F|  |TAMS 0x0000000720800000| PB 0x0000000720800000| Untracked |  0
| 232|0x0000000720a00000, 0x0000000720c00000, 0x0000000720c00000|100%| S|CS|TAMS 0x0000000720a00000| PB 0x0000000720a00000| Complete |  0
| 233|0x0000000720c00000, 0x0000000720e00000, 0x0000000720e00000|100%| S|CS|TAMS 0x0000000720c00000| PB 0x0000000720c00000| Complete |  0
| 234|0x0000000720e00000, 0x0000000721000000, 0x0000000721000000|100%| S|CS|TAMS 0x0000000720e00000| PB 0x0000000720e00000| Complete |  0
| 235|0x0000000721000000, 0x0000000721200000, 0x0000000721200000|100%| S|CS|TAMS 0x0000000721000000| PB 0x0000000721000000| Complete |  0
| 236|0x0000000721200000, 0x0000000721400000, 0x0000000721400000|100%| S|CS|TAMS 0x0000000721200000| PB 0x0000000721200000| Complete |  0
| 237|0x0000000721400000, 0x0000000721600000, 0x0000000721600000|100%| S|CS|TAMS 0x0000000721400000| PB 0x0000000721400000| Complete |  0
| 238|0x0000000721600000, 0x0000000721800000, 0x0000000721800000|100%| S|CS|TAMS 0x0000000721600000| PB 0x0000000721600000| Complete |  0
| 239|0x0000000721800000, 0x0000000721a00000, 0x0000000721a00000|100%| S|CS|TAMS 0x0000000721800000| PB 0x0000000721800000| Complete |  0
| 240|0x0000000721a00000, 0x0000000721c00000, 0x0000000721c00000|100%| S|CS|TAMS 0x0000000721a00000| PB 0x0000000721a00000| Complete |  0
| 241|0x0000000721c00000, 0x0000000721c00000, 0x0000000721e00000|  0%| F|  |TAMS 0x0000000721c00000| PB 0x0000000721c00000| Untracked |  0
| 242|0x0000000721e00000, 0x0000000721e00000, 0x0000000722000000|  0%| F|  |TAMS 0x0000000721e00000| PB 0x0000000721e00000| Untracked |  0
| 243|0x0000000722000000, 0x0000000722000000, 0x0000000722200000|  0%| F|  |TAMS 0x0000000722000000| PB 0x0000000722000000| Untracked |  0
| 244|0x0000000722200000, 0x0000000722200000, 0x0000000722400000|  0%| F|  |TAMS 0x0000000722200000| PB 0x0000000722200000| Untracked |  0
| 245|0x0000000722400000, 0x0000000722400000, 0x0000000722600000|  0%| F|  |TAMS 0x0000000722400000| PB 0x0000000722400000| Untracked |  0
| 246|0x0000000722600000, 0x0000000722600000, 0x0000000722800000|  0%| F|  |TAMS 0x0000000722600000| PB 0x0000000722600000| Untracked |  0
| 247|0x0000000722800000, 0x0000000722800000, 0x0000000722a00000|  0%| F|  |TAMS 0x0000000722800000| PB 0x0000000722800000| Untracked |  0
| 248|0x0000000722a00000, 0x0000000722a00000, 0x0000000722c00000|  0%| F|  |TAMS 0x0000000722a00000| PB 0x0000000722a00000| Untracked |  0
| 249|0x0000000722c00000, 0x0000000722c00000, 0x0000000722e00000|  0%| F|  |TAMS 0x0000000722c00000| PB 0x0000000722c00000| Untracked |  0
| 250|0x0000000722e00000, 0x0000000722e00000, 0x0000000723000000|  0%| F|  |TAMS 0x0000000722e00000| PB 0x0000000722e00000| Untracked |  0
| 251|0x0000000723000000, 0x0000000723000000, 0x0000000723200000|  0%| F|  |TAMS 0x0000000723000000| PB 0x0000000723000000| Untracked |  0
| 252|0x0000000723200000, 0x0000000723200000, 0x0000000723400000|  0%| F|  |TAMS 0x0000000723200000| PB 0x0000000723200000| Untracked |  0
| 253|0x0000000723400000, 0x0000000723400000, 0x0000000723600000|  0%| F|  |TAMS 0x0000000723400000| PB 0x0000000723400000| Untracked |  0
| 254|0x0000000723600000, 0x0000000723600000, 0x0000000723800000|  0%| F|  |TAMS 0x0000000723600000| PB 0x0000000723600000| Untracked |  0
| 255|0x0000000723800000, 0x0000000723800000, 0x0000000723a00000|  0%| F|  |TAMS 0x0000000723800000| PB 0x0000000723800000| Untracked |  0
| 256|0x0000000723a00000, 0x0000000723a00000, 0x0000000723c00000|  0%| F|  |TAMS 0x0000000723a00000| PB 0x0000000723a00000| Untracked |  0
| 257|0x0000000723c00000, 0x0000000723e00000, 0x0000000723e00000|100%| S|CS|TAMS 0x0000000723c00000| PB 0x0000000723c00000| Complete |  0
| 258|0x0000000723e00000, 0x0000000724000000, 0x0000000724000000|100%| S|CS|TAMS 0x0000000723e00000| PB 0x0000000723e00000| Complete |  0
| 259|0x0000000724000000, 0x0000000724200000, 0x0000000724200000|100%| S|CS|TAMS 0x0000000724000000| PB 0x0000000724000000| Complete |  0
| 260|0x0000000724200000, 0x0000000724400000, 0x0000000724400000|100%| S|CS|TAMS 0x0000000724200000| PB 0x0000000724200000| Complete |  0
| 261|0x0000000724400000, 0x0000000724600000, 0x0000000724600000|100%| S|CS|TAMS 0x0000000724400000| PB 0x0000000724400000| Complete |  0
| 262|0x0000000724600000, 0x0000000724800000, 0x0000000724800000|100%| S|CS|TAMS 0x0000000724600000| PB 0x0000000724600000| Complete |  0
| 263|0x0000000724800000, 0x0000000724a00000, 0x0000000724a00000|100%| S|CS|TAMS 0x0000000724800000| PB 0x0000000724800000| Complete |  0
| 264|0x0000000724a00000, 0x0000000724c00000, 0x0000000724c00000|100%| S|CS|TAMS 0x0000000724a00000| PB 0x0000000724a00000| Complete |  0
| 265|0x0000000724c00000, 0x0000000724c00000, 0x0000000724e00000|  0%| F|  |TAMS 0x0000000724c00000| PB 0x0000000724c00000| Untracked |  0
| 266|0x0000000724e00000, 0x0000000724e00000, 0x0000000725000000|  0%| F|  |TAMS 0x0000000724e00000| PB 0x0000000724e00000| Untracked |  0
| 267|0x0000000725000000, 0x0000000725000000, 0x0000000725200000|  0%| F|  |TAMS 0x0000000725000000| PB 0x0000000725000000| Untracked |  0
| 268|0x0000000725200000, 0x0000000725200000, 0x0000000725400000|  0%| F|  |TAMS 0x0000000725200000| PB 0x0000000725200000| Untracked |  0
| 269|0x0000000725400000, 0x0000000725400000, 0x0000000725600000|  0%| F|  |TAMS 0x0000000725400000| PB 0x0000000725400000| Untracked |  0
| 270|0x0000000725600000, 0x0000000725600000, 0x0000000725800000|  0%| F|  |TAMS 0x0000000725600000| PB 0x0000000725600000| Untracked |  0
| 271|0x0000000725800000, 0x0000000725800000, 0x0000000725a00000|  0%| F|  |TAMS 0x0000000725800000| PB 0x0000000725800000| Untracked |  0
| 272|0x0000000725a00000, 0x0000000725a00000, 0x0000000725c00000|  0%| F|  |TAMS 0x0000000725a00000| PB 0x0000000725a00000| Untracked |  0
| 273|0x0000000725c00000, 0x0000000725c00000, 0x0000000725e00000|  0%| F|  |TAMS 0x0000000725c00000| PB 0x0000000725c00000| Untracked |  0
| 274|0x0000000725e00000, 0x0000000725e00000, 0x0000000726000000|  0%| F|  |TAMS 0x0000000725e00000| PB 0x0000000725e00000| Untracked |  0
| 275|0x0000000726000000, 0x0000000726000000, 0x0000000726200000|  0%| F|  |TAMS 0x0000000726000000| PB 0x0000000726000000| Untracked |  0
| 276|0x0000000726200000, 0x0000000726200000, 0x0000000726400000|  0%| F|  |TAMS 0x0000000726200000| PB 0x0000000726200000| Untracked |  0
| 277|0x0000000726400000, 0x0000000726400000, 0x0000000726600000|  0%| F|  |TAMS 0x0000000726400000| PB 0x0000000726400000| Untracked |  0
| 278|0x0000000726600000, 0x0000000726600000, 0x0000000726800000|  0%| F|  |TAMS 0x0000000726600000| PB 0x0000000726600000| Untracked |  0
| 279|0x0000000726800000, 0x0000000726800000, 0x0000000726a00000|  0%| F|  |TAMS 0x0000000726800000| PB 0x0000000726800000| Untracked |  0
| 280|0x0000000726a00000, 0x0000000726a00000, 0x0000000726c00000|  0%| F|  |TAMS 0x0000000726a00000| PB 0x0000000726a00000| Untracked |  0
| 281|0x0000000726c00000, 0x0000000726c00000, 0x0000000726e00000|  0%| F|  |TAMS 0x0000000726c00000| PB 0x0000000726c00000| Untracked |  0
| 282|0x0000000726e00000, 0x0000000726e00000, 0x0000000727000000|  0%| F|  |TAMS 0x0000000726e00000| PB 0x0000000726e00000| Untracked |  0
| 283|0x0000000727000000, 0x0000000727000000, 0x0000000727200000|  0%| F|  |TAMS 0x0000000727000000| PB 0x0000000727000000| Untracked |  0
| 284|0x0000000727200000, 0x0000000727200000, 0x0000000727400000|  0%| F|  |TAMS 0x0000000727200000| PB 0x0000000727200000| Untracked |  0
| 285|0x0000000727400000, 0x0000000727400000, 0x0000000727600000|  0%| F|  |TAMS 0x0000000727400000| PB 0x0000000727400000| Untracked |  0
| 286|0x0000000727600000, 0x0000000727600000, 0x0000000727800000|  0%| F|  |TAMS 0x0000000727600000| PB 0x0000000727600000| Untracked |  0
| 287|0x0000000727800000, 0x0000000727800000, 0x0000000727a00000|  0%| F|  |TAMS 0x0000000727800000| PB 0x0000000727800000| Untracked |  0
| 288|0x0000000727a00000, 0x0000000727a00000, 0x0000000727c00000|  0%| F|  |TAMS 0x0000000727a00000| PB 0x0000000727a00000| Untracked |  0
| 289|0x0000000727c00000, 0x0000000727c00000, 0x0000000727e00000|  0%| F|  |TAMS 0x0000000727c00000| PB 0x0000000727c00000| Untracked |  0
| 290|0x0000000727e00000, 0x0000000727e00000, 0x0000000728000000|  0%| F|  |TAMS 0x0000000727e00000| PB 0x0000000727e00000| Untracked |  0
| 291|0x0000000728000000, 0x0000000728000000, 0x0000000728200000|  0%| F|  |TAMS 0x0000000728000000| PB 0x0000000728000000| Untracked |  0
| 292|0x0000000728200000, 0x0000000728200000, 0x0000000728400000|  0%| F|  |TAMS 0x0000000728200000| PB 0x0000000728200000| Untracked |  0
| 293|0x0000000728400000, 0x0000000728400000, 0x0000000728600000|  0%| F|  |TAMS 0x0000000728400000| PB 0x0000000728400000| Untracked |  0
| 294|0x0000000728600000, 0x0000000728600000, 0x0000000728800000|  0%| F|  |TAMS 0x0000000728600000| PB 0x0000000728600000| Untracked |  0
| 295|0x0000000728800000, 0x0000000728800000, 0x0000000728a00000|  0%| F|  |TAMS 0x0000000728800000| PB 0x0000000728800000| Untracked |  0
| 296|0x0000000728a00000, 0x0000000728a00000, 0x0000000728c00000|  0%| F|  |TAMS 0x0000000728a00000| PB 0x0000000728a00000| Untracked |  0
| 297|0x0000000728c00000, 0x0000000728c00000, 0x0000000728e00000|  0%| F|  |TAMS 0x0000000728c00000| PB 0x0000000728c00000| Untracked |  0
| 298|0x0000000728e00000, 0x0000000728e00000, 0x0000000729000000|  0%| F|  |TAMS 0x0000000728e00000| PB 0x0000000728e00000| Untracked |  0
| 299|0x0000000729000000, 0x0000000729000000, 0x0000000729200000|  0%| F|  |TAMS 0x0000000729000000| PB 0x0000000729000000| Untracked |  0
| 300|0x0000000729200000, 0x0000000729200000, 0x0000000729400000|  0%| F|  |TAMS 0x0000000729200000| PB 0x0000000729200000| Untracked |  0
| 301|0x0000000729400000, 0x0000000729400000, 0x0000000729600000|  0%| F|  |TAMS 0x0000000729400000| PB 0x0000000729400000| Untracked |  0
| 302|0x0000000729600000, 0x0000000729600000, 0x0000000729800000|  0%| F|  |TAMS 0x0000000729600000| PB 0x0000000729600000| Untracked |  0
| 303|0x0000000729800000, 0x0000000729800000, 0x0000000729a00000|  0%| F|  |TAMS 0x0000000729800000| PB 0x0000000729800000| Untracked |  0
| 304|0x0000000729a00000, 0x0000000729a00000, 0x0000000729c00000|  0%| F|  |TAMS 0x0000000729a00000| PB 0x0000000729a00000| Untracked |  0
| 305|0x0000000729c00000, 0x0000000729c00000, 0x0000000729e00000|  0%| F|  |TAMS 0x0000000729c00000| PB 0x0000000729c00000| Untracked |  0
| 306|0x0000000729e00000, 0x0000000729e00000, 0x000000072a000000|  0%| F|  |TAMS 0x0000000729e00000| PB 0x0000000729e00000| Untracked |  0
| 307|0x000000072a000000, 0x000000072a000000, 0x000000072a200000|  0%| F|  |TAMS 0x000000072a000000| PB 0x000000072a000000| Untracked |  0
| 308|0x000000072a200000, 0x000000072a200000, 0x000000072a400000|  0%| F|  |TAMS 0x000000072a200000| PB 0x000000072a200000| Untracked |  0
| 309|0x000000072a400000, 0x000000072a400000, 0x000000072a600000|  0%| F|  |TAMS 0x000000072a400000| PB 0x000000072a400000| Untracked |  0
| 310|0x000000072a600000, 0x000000072a600000, 0x000000072a800000|  0%| F|  |TAMS 0x000000072a600000| PB 0x000000072a600000| Untracked |  0
| 311|0x000000072a800000, 0x000000072a800000, 0x000000072aa00000|  0%| F|  |TAMS 0x000000072a800000| PB 0x000000072a800000| Untracked |  0
| 312|0x000000072aa00000, 0x000000072aa00000, 0x000000072ac00000|  0%| F|  |TAMS 0x000000072aa00000| PB 0x000000072aa00000| Untracked |  0
| 313|0x000000072ac00000, 0x000000072ac00000, 0x000000072ae00000|  0%| F|  |TAMS 0x000000072ac00000| PB 0x000000072ac00000| Untracked |  0
| 314|0x000000072ae00000, 0x000000072ae00000, 0x000000072b000000|  0%| F|  |TAMS 0x000000072ae00000| PB 0x000000072ae00000| Untracked |  0
| 315|0x000000072b000000, 0x000000072b000000, 0x000000072b200000|  0%| F|  |TAMS 0x000000072b000000| PB 0x000000072b000000| Untracked |  0
| 316|0x000000072b200000, 0x000000072b200000, 0x000000072b400000|  0%| F|  |TAMS 0x000000072b200000| PB 0x000000072b200000| Untracked |  0
| 317|0x000000072b400000, 0x000000072b400000, 0x000000072b600000|  0%| F|  |TAMS 0x000000072b400000| PB 0x000000072b400000| Untracked |  0
| 318|0x000000072b600000, 0x000000072b600000, 0x000000072b800000|  0%| F|  |TAMS 0x000000072b600000| PB 0x000000072b600000| Untracked |  0
| 319|0x000000072b800000, 0x000000072b800000, 0x000000072ba00000|  0%| F|  |TAMS 0x000000072b800000| PB 0x000000072b800000| Untracked |  0
| 320|0x000000072ba00000, 0x000000072ba00000, 0x000000072bc00000|  0%| F|  |TAMS 0x000000072ba00000| PB 0x000000072ba00000| Untracked |  0
| 321|0x000000072bc00000, 0x000000072bc00000, 0x000000072be00000|  0%| F|  |TAMS 0x000000072bc00000| PB 0x000000072bc00000| Untracked |  0
| 322|0x000000072be00000, 0x000000072be00000, 0x000000072c000000|  0%| F|  |TAMS 0x000000072be00000| PB 0x000000072be00000| Untracked |  0
| 323|0x000000072c000000, 0x000000072c000000, 0x000000072c200000|  0%| F|  |TAMS 0x000000072c000000| PB 0x000000072c000000| Untracked |  0
| 324|0x000000072c200000, 0x000000072c200000, 0x000000072c400000|  0%| F|  |TAMS 0x000000072c200000| PB 0x000000072c200000| Untracked |  0
| 325|0x000000072c400000, 0x000000072c400000, 0x000000072c600000|  0%| F|  |TAMS 0x000000072c400000| PB 0x000000072c400000| Untracked |  0
| 326|0x000000072c600000, 0x000000072c600000, 0x000000072c800000|  0%| F|  |TAMS 0x000000072c600000| PB 0x000000072c600000| Untracked |  0
| 327|0x000000072c800000, 0x000000072c800000, 0x000000072ca00000|  0%| F|  |TAMS 0x000000072c800000| PB 0x000000072c800000| Untracked |  0
| 328|0x000000072ca00000, 0x000000072ca00000, 0x000000072cc00000|  0%| F|  |TAMS 0x000000072ca00000| PB 0x000000072ca00000| Untracked |  0
| 329|0x000000072cc00000, 0x000000072cc00000, 0x000000072ce00000|  0%| F|  |TAMS 0x000000072cc00000| PB 0x000000072cc00000| Untracked |  0
| 330|0x000000072ce00000, 0x000000072ce00000, 0x000000072d000000|  0%| F|  |TAMS 0x000000072ce00000| PB 0x000000072ce00000| Untracked |  0
| 331|0x000000072d000000, 0x000000072d000000, 0x000000072d200000|  0%| F|  |TAMS 0x000000072d000000| PB 0x000000072d000000| Untracked |  0
| 332|0x000000072d200000, 0x000000072d200000, 0x000000072d400000|  0%| F|  |TAMS 0x000000072d200000| PB 0x000000072d200000| Untracked |  0
| 333|0x000000072d400000, 0x000000072d400000, 0x000000072d600000|  0%| F|  |TAMS 0x000000072d400000| PB 0x000000072d400000| Untracked |  0
| 334|0x000000072d600000, 0x000000072d600000, 0x000000072d800000|  0%| F|  |TAMS 0x000000072d600000| PB 0x000000072d600000| Untracked |  0
| 335|0x000000072d800000, 0x000000072d800000, 0x000000072da00000|  0%| F|  |TAMS 0x000000072d800000| PB 0x000000072d800000| Untracked |  0
| 336|0x000000072da00000, 0x000000072da00000, 0x000000072dc00000|  0%| F|  |TAMS 0x000000072da00000| PB 0x000000072da00000| Untracked |  0
| 337|0x000000072dc00000, 0x000000072dc00000, 0x000000072de00000|  0%| F|  |TAMS 0x000000072dc00000| PB 0x000000072dc00000| Untracked |  0
| 338|0x000000072de00000, 0x000000072de00000, 0x000000072e000000|  0%| F|  |TAMS 0x000000072de00000| PB 0x000000072de00000| Untracked |  0
| 339|0x000000072e000000, 0x000000072e000000, 0x000000072e200000|  0%| F|  |TAMS 0x000000072e000000| PB 0x000000072e000000| Untracked |  0
| 340|0x000000072e200000, 0x000000072e200000, 0x000000072e400000|  0%| F|  |TAMS 0x000000072e200000| PB 0x000000072e200000| Untracked |  0
| 341|0x000000072e400000, 0x000000072e400000, 0x000000072e600000|  0%| F|  |TAMS 0x000000072e400000| PB 0x000000072e400000| Untracked |  0
| 342|0x000000072e600000, 0x000000072e600000, 0x000000072e800000|  0%| F|  |TAMS 0x000000072e600000| PB 0x000000072e600000| Untracked |  0
| 343|0x000000072e800000, 0x000000072e800000, 0x000000072ea00000|  0%| F|  |TAMS 0x000000072e800000| PB 0x000000072e800000| Untracked |  0
| 344|0x000000072ea00000, 0x000000072ea00000, 0x000000072ec00000|  0%| F|  |TAMS 0x000000072ea00000| PB 0x000000072ea00000| Untracked |  0
| 345|0x000000072ec00000, 0x000000072ec00000, 0x000000072ee00000|  0%| F|  |TAMS 0x000000072ec00000| PB 0x000000072ec00000| Untracked |  0
| 346|0x000000072ee00000, 0x000000072ee00000, 0x000000072f000000|  0%| F|  |TAMS 0x000000072ee00000| PB 0x000000072ee00000| Untracked |  0
| 347|0x000000072f000000, 0x000000072f000000, 0x000000072f200000|  0%| F|  |TAMS 0x000000072f000000| PB 0x000000072f000000| Untracked |  0
| 348|0x000000072f200000, 0x000000072f200000, 0x000000072f400000|  0%| F|  |TAMS 0x000000072f200000| PB 0x000000072f200000| Untracked |  0
| 349|0x000000072f400000, 0x000000072f400000, 0x000000072f600000|  0%| F|  |TAMS 0x000000072f400000| PB 0x000000072f400000| Untracked |  0
| 350|0x000000072f600000, 0x000000072f600000, 0x000000072f800000|  0%| F|  |TAMS 0x000000072f600000| PB 0x000000072f600000| Untracked |  0
| 351|0x000000072f800000, 0x000000072f800000, 0x000000072fa00000|  0%| F|  |TAMS 0x000000072f800000| PB 0x000000072f800000| Untracked |  0
| 352|0x000000072fa00000, 0x000000072fa00000, 0x000000072fc00000|  0%| F|  |TAMS 0x000000072fa00000| PB 0x000000072fa00000| Untracked |  0
| 353|0x000000072fc00000, 0x000000072fc00000, 0x000000072fe00000|  0%| F|  |TAMS 0x000000072fc00000| PB 0x000000072fc00000| Untracked |  0
| 354|0x000000072fe00000, 0x000000072fe00000, 0x0000000730000000|  0%| F|  |TAMS 0x000000072fe00000| PB 0x000000072fe00000| Untracked |  0
| 355|0x0000000730000000, 0x0000000730000000, 0x0000000730200000|  0%| F|  |TAMS 0x0000000730000000| PB 0x0000000730000000| Untracked |  0
| 356|0x0000000730200000, 0x0000000730200000, 0x0000000730400000|  0%| F|  |TAMS 0x0000000730200000| PB 0x0000000730200000| Untracked |  0
| 357|0x0000000730400000, 0x0000000730400000, 0x0000000730600000|  0%| F|  |TAMS 0x0000000730400000| PB 0x0000000730400000| Untracked |  0
| 358|0x0000000730600000, 0x0000000730600000, 0x0000000730800000|  0%| F|  |TAMS 0x0000000730600000| PB 0x0000000730600000| Untracked |  0
| 359|0x0000000730800000, 0x0000000730800000, 0x0000000730a00000|  0%| F|  |TAMS 0x0000000730800000| PB 0x0000000730800000| Untracked |  0
| 360|0x0000000730a00000, 0x0000000730a00000, 0x0000000730c00000|  0%| F|  |TAMS 0x0000000730a00000| PB 0x0000000730a00000| Untracked |  0
| 361|0x0000000730c00000, 0x0000000730c00000, 0x0000000730e00000|  0%| F|  |TAMS 0x0000000730c00000| PB 0x0000000730c00000| Untracked |  0
| 362|0x0000000730e00000, 0x0000000730e00000, 0x0000000731000000|  0%| F|  |TAMS 0x0000000730e00000| PB 0x0000000730e00000| Untracked |  0
| 363|0x0000000731000000, 0x0000000731000000, 0x0000000731200000|  0%| F|  |TAMS 0x0000000731000000| PB 0x0000000731000000| Untracked |  0
| 364|0x0000000731200000, 0x0000000731200000, 0x0000000731400000|  0%| F|  |TAMS 0x0000000731200000| PB 0x0000000731200000| Untracked |  0
| 365|0x0000000731400000, 0x0000000731400000, 0x0000000731600000|  0%| F|  |TAMS 0x0000000731400000| PB 0x0000000731400000| Untracked |  0
| 366|0x0000000731600000, 0x0000000731600000, 0x0000000731800000|  0%| F|  |TAMS 0x0000000731600000| PB 0x0000000731600000| Untracked |  0
| 367|0x0000000731800000, 0x0000000731800000, 0x0000000731a00000|  0%| F|  |TAMS 0x0000000731800000| PB 0x0000000731800000| Untracked |  0
| 368|0x0000000731a00000, 0x0000000731a00000, 0x0000000731c00000|  0%| F|  |TAMS 0x0000000731a00000| PB 0x0000000731a00000| Untracked |  0
| 369|0x0000000731c00000, 0x0000000731c00000, 0x0000000731e00000|  0%| F|  |TAMS 0x0000000731c00000| PB 0x0000000731c00000| Untracked |  0
| 370|0x0000000731e00000, 0x0000000731e00000, 0x0000000732000000|  0%| F|  |TAMS 0x0000000731e00000| PB 0x0000000731e00000| Untracked |  0
| 371|0x0000000732000000, 0x0000000732000000, 0x0000000732200000|  0%| F|  |TAMS 0x0000000732000000| PB 0x0000000732000000| Untracked |  0
| 372|0x0000000732200000, 0x0000000732200000, 0x0000000732400000|  0%| F|  |TAMS 0x0000000732200000| PB 0x0000000732200000| Untracked |  0
| 373|0x0000000732400000, 0x0000000732400000, 0x0000000732600000|  0%| F|  |TAMS 0x0000000732400000| PB 0x0000000732400000| Untracked |  0
| 374|0x0000000732600000, 0x0000000732600000, 0x0000000732800000|  0%| F|  |TAMS 0x0000000732600000| PB 0x0000000732600000| Untracked |  0
| 375|0x0000000732800000, 0x0000000732800000, 0x0000000732a00000|  0%| F|  |TAMS 0x0000000732800000| PB 0x0000000732800000| Untracked |  0
| 376|0x0000000732a00000, 0x0000000732a00000, 0x0000000732c00000|  0%| F|  |TAMS 0x0000000732a00000| PB 0x0000000732a00000| Untracked |  0
| 377|0x0000000732c00000, 0x0000000732c00000, 0x0000000732e00000|  0%| F|  |TAMS 0x0000000732c00000| PB 0x0000000732c00000| Untracked |  0
| 378|0x0000000732e00000, 0x0000000732e00000, 0x0000000733000000|  0%| F|  |TAMS 0x0000000732e00000| PB 0x0000000732e00000| Untracked |  0
| 379|0x0000000733000000, 0x0000000733000000, 0x0000000733200000|  0%| F|  |TAMS 0x0000000733000000| PB 0x0000000733000000| Untracked |  0
| 380|0x0000000733200000, 0x0000000733200000, 0x0000000733400000|  0%| F|  |TAMS 0x0000000733200000| PB 0x0000000733200000| Untracked |  0

Card table byte_map: [0x0000019dfc0d0000,0x0000019dfc8c0000] _byte_map_base: 0x0000019df88b3000

Marking Bits: (CMBitMap*) 0x0000019dfb54f3e0
 Bits: [0x0000019d97670000, 0x0000019d9b588000)

Polling page: 0x0000019df9370000

Metaspace:

Usage:
  Non-class:     12.20 MB used.
      Class:      1.58 MB used.
       Both:     13.78 MB used.

Virtual space:
  Non-class space:       64.00 MB reserved,      12.38 MB ( 19%) committed,  1 nodes.
      Class space:        1.00 GB reserved,       1.69 MB ( <1%) committed,  1 nodes.
             Both:        1.06 GB reserved,      14.06 MB (  1%) committed. 

Chunk freelists:
   Non-Class:  2.89 MB
       Class:  14.19 MB
        Both:  17.08 MB

MaxMetaspaceSize: unlimited
CompressedClassSpaceSize: 1.00 GB
Initial GC threshold: 21.00 MB
Current GC threshold: 21.00 MB
CDS: on
 - commit_granule_bytes: 65536.
 - commit_granule_words: 8192.
 - virtual_space_node_default_size: 8388608.
 - enlarge_chunks_in_place: 1.
 - use_allocation_guard: 0.


Internal statistics:

num_allocs_failed_limit: 0.
num_arena_births: 272.
num_arena_deaths: 0.
num_vsnodes_births: 2.
num_vsnodes_deaths: 0.
num_space_committed: 225.
num_space_uncommitted: 0.
num_chunks_returned_to_freelist: 0.
num_chunks_taken_from_freelist: 384.
num_chunk_merges: 0.
num_chunk_splits: 217.
num_chunks_enlarged: 80.
num_inconsistent_stats: 0.

CodeHeap 'non-profiled nmethods': size=120064Kb used=1513Kb max_used=1513Kb free=118550Kb
 bounds [0x0000019d90130000, 0x0000019d903a0000, 0x0000019d97670000]
CodeHeap 'profiled nmethods': size=120000Kb used=5230Kb max_used=5230Kb free=114770Kb
 bounds [0x0000019d88670000, 0x0000019d88b90000, 0x0000019d8fba0000]
CodeHeap 'non-nmethods': size=5696Kb used=1828Kb max_used=1869Kb free=3867Kb
 bounds [0x0000019d8fba0000, 0x0000019d8fe10000, 0x0000019d90130000]
CodeCache: size=245760Kb, used=8571Kb, max_used=8612Kb, free=237187Kb
 total_blobs=4090, nmethods=3369, adapters=625, full_count=0
Compilation: enabled, stopped_count=0, restarted_count=0

Compilation events (20 events):
Event: 109.285 Thread 0x0000019de1e24690 3361       4       Models.ElemSj::equals (35 bytes)
Event: 109.286 Thread 0x0000019de1e24690 nmethod 3361 0x0000019d902a4088 code [0x0000019d902a41a0, 0x0000019d902a42f0]
Event: 109.286 Thread 0x0000019de1e24690 3362       4       Models.EdoAFD::<init> (26 bytes)
Event: 109.287 Thread 0x0000019de1e24690 nmethod 3362 0x0000019d902a4388 code [0x0000019d902a44a0, 0x0000019d902a4680]
Event: 109.287 Thread 0x0000019de1e24690 3363       4       Models.TransicionAFD::<init> (20 bytes)
Event: 109.288 Thread 0x0000019de1e24690 nmethod 3363 0x0000019d902a4708 code [0x0000019d902a4800, 0x0000019d902a4888]
Event: 109.289 Thread 0x0000019dff2fa6b0 nmethod 3358 0x0000019d902a4a08 code [0x0000019d902a4b80, 0x0000019d902a5300]
Event: 109.311 Thread 0x0000019de1e24d50 nmethod 3360 0x0000019d902a5408 code [0x0000019d902a5640, 0x0000019d902a6a80]
Event: 109.360 Thread 0x0000019de1e24690 3364       4       java.util.LinkedList::unlinkFirst (64 bytes)
Event: 109.362 Thread 0x0000019de1e24690 nmethod 3364 0x0000019d902a6c08 code [0x0000019d902a6d20, 0x0000019d902a7040]
Event: 109.364 Thread 0x0000019de1e24690 3365       4       java.util.AbstractCollection::isEmpty (13 bytes)
Event: 109.365 Thread 0x0000019de1e24690 nmethod 3365 0x0000019d902a7088 code [0x0000019d902a7180, 0x0000019d902a7238]
Event: 109.367 Thread 0x0000019de1e24d50 3366       4       java.util.LinkedList::poll (19 bytes)
Event: 109.369 Thread 0x0000019de1e24d50 nmethod 3366 0x0000019d902a7388 code [0x0000019d902a74a0, 0x0000019d902a77c8]
Event: 109.387 Thread 0x0000019dff2faea0 3367 %     3       Models.AFD::AFNtoAFD @ 178 (626 bytes)
Event: 109.390 Thread 0x0000019dff2faea0 nmethod 3367% 0x0000019d88b7ed88 code [0x0000019d88b7f500, 0x0000019d88b84f10]
Event: 109.391 Thread 0x0000019dff2faea0 3368       3       Models.AFD::AFNtoAFD (626 bytes)
Event: 109.393 Thread 0x0000019dff2faea0 nmethod 3368 0x0000019d88b85088 code [0x0000019d88b85860, 0x0000019d88b8b628]
Event: 109.507 Thread 0x0000019de1e24690 3369 %     4       Models.AFD::AFNtoAFD @ 178 (626 bytes)
Event: 109.569 Thread 0x0000019de1e24690 nmethod 3369% 0x0000019d902a7808 code [0x0000019d902a7b20, 0x0000019d902aa438]

GC Heap History (20 events):
Event: 103.757 GC heap after
{Heap after GC invocations=2 (full 0):
 garbage-first heap   total reserved 4134912K, committed 260096K, used 8310K [0x0000000703a00000, 0x0000000800000000)
  region size 2048K, 1 young (2048K), 1 survivors (2048K)
 Metaspace       used 13924K, committed 14208K, reserved 1114112K
  class space    used 1589K, committed 1728K, reserved 1048576K
}
Event: 109.261 GC heap before
{Heap before GC invocations=2 (full 0):
 garbage-first heap   total reserved 4134912K, committed 260096K, used 73846K [0x0000000703a00000, 0x0000000800000000)
  region size 2048K, 33 young (67584K), 1 survivors (2048K)
 Metaspace       used 14102K, committed 14336K, reserved 1114112K
  class space    used 1617K, committed 1728K, reserved 1048576K
}
Event: 109.270 GC heap after
{Heap after GC invocations=3 (full 0):
 garbage-first heap   total reserved 4134912K, committed 260096K, used 15547K [0x0000000703a00000, 0x0000000800000000)
  region size 2048K, 4 young (8192K), 4 survivors (8192K)
 Metaspace       used 14102K, committed 14336K, reserved 1114112K
  class space    used 1617K, committed 1728K, reserved 1048576K
}
Event: 109.311 GC heap before
{Heap before GC invocations=3 (full 0):
 garbage-first heap   total reserved 4134912K, committed 260096K, used 76987K [0x0000000703a00000, 0x0000000800000000)
  region size 2048K, 34 young (69632K), 4 survivors (8192K)
 Metaspace       used 14102K, committed 14336K, reserved 1114112K
  class space    used 1617K, committed 1728K, reserved 1048576K
}
Event: 109.326 GC heap after
{Heap after GC invocations=4 (full 0):
 garbage-first heap   total reserved 4134912K, committed 260096K, used 24843K [0x0000000703a00000, 0x0000000800000000)
  region size 2048K, 5 young (10240K), 5 survivors (10240K)
 Metaspace       used 14102K, committed 14336K, reserved 1114112K
  class space    used 1617K, committed 1728K, reserved 1048576K
}
Event: 109.397 GC heap before
{Heap before GC invocations=4 (full 0):
 garbage-first heap   total reserved 4134912K, committed 260096K, used 121099K [0x0000000703a00000, 0x0000000800000000)
  region size 2048K, 52 young (106496K), 5 survivors (10240K)
 Metaspace       used 14110K, committed 14400K, reserved 1114112K
  class space    used 1617K, committed 1728K, reserved 1048576K
}
Event: 109.420 GC heap after
{Heap after GC invocations=5 (full 0):
 garbage-first heap   total reserved 4134912K, committed 260096K, used 39596K [0x0000000703a00000, 0x0000000800000000)
  region size 2048K, 7 young (14336K), 7 survivors (14336K)
 Metaspace       used 14110K, committed 14400K, reserved 1114112K
  class space    used 1617K, committed 1728K, reserved 1048576K
}
Event: 109.467 GC heap before
{Heap before GC invocations=5 (full 0):
 garbage-first heap   total reserved 4134912K, committed 260096K, used 133804K [0x0000000703a00000, 0x0000000800000000)
  region size 2048K, 53 young (108544K), 7 survivors (14336K)
 Metaspace       used 14110K, committed 14400K, reserved 1114112K
  class space    used 1617K, committed 1728K, reserved 1048576K
}
Event: 109.493 GC heap after
{Heap after GC invocations=6 (full 0):
 garbage-first heap   total reserved 4134912K, committed 260096K, used 55008K [0x0000000703a00000, 0x0000000800000000)
  region size 2048K, 7 young (14336K), 7 survivors (14336K)
 Metaspace       used 14110K, committed 14400K, reserved 1114112K
  class space    used 1617K, committed 1728K, reserved 1048576K
}
Event: 109.577 GC heap before
{Heap before GC invocations=6 (full 0):
 garbage-first heap   total reserved 4134912K, committed 260096K, used 173792K [0x0000000703a00000, 0x0000000800000000)
  region size 2048K, 65 young (133120K), 7 survivors (14336K)
 Metaspace       used 14110K, committed 14400K, reserved 1114112K
  class space    used 1617K, committed 1728K, reserved 1048576K
}
Event: 109.630 GC heap after
{Heap after GC invocations=7 (full 0):
 garbage-first heap   total reserved 4134912K, committed 260096K, used 75776K [0x0000000703a00000, 0x0000000800000000)
  region size 2048K, 9 young (18432K), 9 survivors (18432K)
 Metaspace       used 14110K, committed 14400K, reserved 1114112K
  class space    used 1617K, committed 1728K, reserved 1048576K
}
Event: 109.684 GC heap before
{Heap before GC invocations=7 (full 0):
 garbage-first heap   total reserved 4134912K, committed 260096K, used 186368K [0x0000000703a00000, 0x0000000800000000)
  region size 2048K, 63 young (129024K), 9 survivors (18432K)
 Metaspace       used 14110K, committed 14400K, reserved 1114112K
  class space    used 1617K, committed 1728K, reserved 1048576K
}
Event: 109.737 GC heap after
{Heap after GC invocations=8 (full 0):
 garbage-first heap   total reserved 4134912K, committed 780288K, used 95159K [0x0000000703a00000, 0x0000000800000000)
  region size 2048K, 8 young (16384K), 8 survivors (16384K)
 Metaspace       used 14110K, committed 14400K, reserved 1114112K
  class space    used 1617K, committed 1728K, reserved 1048576K
}
Event: 110.128 GC heap before
{Heap before GC invocations=8 (full 0):
 garbage-first heap   total reserved 4134912K, committed 780288K, used 269239K [0x0000000703a00000, 0x0000000800000000)
  region size 2048K, 94 young (192512K), 8 survivors (16384K)
 Metaspace       used 14110K, committed 14400K, reserved 1114112K
  class space    used 1617K, committed 1728K, reserved 1048576K
}
Event: 110.171 GC heap after
{Heap after GC invocations=9 (full 0):
 garbage-first heap   total reserved 4134912K, committed 780288K, used 126582K [0x0000000703a00000, 0x0000000800000000)
  region size 2048K, 12 young (24576K), 12 survivors (24576K)
 Metaspace       used 14110K, committed 14400K, reserved 1114112K
  class space    used 1617K, committed 1728K, reserved 1048576K
}
Event: 110.256 GC heap before
{Heap before GC invocations=9 (full 0):
 garbage-first heap   total reserved 4134912K, committed 780288K, used 306806K [0x0000000703a00000, 0x0000000800000000)
  region size 2048K, 98 young (200704K), 12 survivors (24576K)
 Metaspace       used 14110K, committed 14400K, reserved 1114112K
  class space    used 1617K, committed 1728K, reserved 1048576K
}
Event: 110.302 GC heap after
{Heap after GC invocations=10 (full 0):
 garbage-first heap   total reserved 4134912K, committed 780288K, used 158699K [0x0000000703a00000, 0x0000000800000000)
  region size 2048K, 13 young (26624K), 13 survivors (26624K)
 Metaspace       used 14110K, committed 14400K, reserved 1114112K
  class space    used 1617K, committed 1728K, reserved 1048576K
}
Event: 110.425 GC heap before
{Heap before GC invocations=10 (full 0):
 garbage-first heap   total reserved 4134912K, committed 780288K, used 386027K [0x0000000703a00000, 0x0000000800000000)
  region size 2048K, 124 young (253952K), 13 survivors (26624K)
 Metaspace       used 14110K, committed 14400K, reserved 1114112K
  class space    used 1617K, committed 1728K, reserved 1048576K
}
Event: 110.483 GC heap after
{Heap after GC invocations=11 (full 0):
 garbage-first heap   total reserved 4134912K, committed 780288K, used 194560K [0x0000000703a00000, 0x0000000800000000)
  region size 2048K, 16 young (32768K), 16 survivors (32768K)
 Metaspace       used 14110K, committed 14400K, reserved 1114112K
  class space    used 1617K, committed 1728K, reserved 1048576K
}
Event: 110.599 GC heap before
{Heap before GC invocations=11 (full 0):
 garbage-first heap   total reserved 4134912K, committed 780288K, used 440320K [0x0000000703a00000, 0x0000000800000000)
  region size 2048K, 132 young (270336K), 16 survivors (32768K)
 Metaspace       used 14110K, committed 14400K, reserved 1114112K
  class space    used 1617K, committed 1728K, reserved 1048576K
}

Dll operation events (10 events):
Event: 0.013 Loaded shared library C:\Program Files\Java\jdk-23\bin\java.dll
Event: 0.054 Loaded shared library C:\Program Files\Java\jdk-23\bin\jsvml.dll
Event: 0.085 Loaded shared library C:\Program Files\Java\jdk-23\bin\net.dll
Event: 0.087 Loaded shared library C:\Program Files\Java\jdk-23\bin\nio.dll
Event: 0.105 Loaded shared library C:\Program Files\Java\jdk-23\bin\zip.dll
Event: 0.116 Loaded shared library C:\Program Files\Java\jdk-23\bin\jimage.dll
Event: 0.132 Loaded shared library C:\Program Files\Java\jdk-23\bin\awt.dll
Event: 0.250 Loaded shared library C:\Program Files\Java\jdk-23\bin\freetype.dll
Event: 0.251 Loaded shared library C:\Program Files\Java\jdk-23\bin\fontmanager.dll
Event: 0.423 Loaded shared library C:\Program Files\Java\jdk-23\bin\javajpeg.dll

Deoptimization events (20 events):
Event: 88.679 Thread 0x0000019d9b99e6d0 DEOPT PACKING pc=0x0000019d9023a31c sp=0x00000004de9fdd00
Event: 88.679 Thread 0x0000019d9b99e6d0 DEOPT UNPACKING pc=0x0000019d8fbf7982 sp=0x00000004de9fdc98 mode 2
Event: 90.483 Thread 0x0000019d9b99e6d0 Uncommon trap: trap_request=0xffffffde fr.pc=0x0000019d9023a31c relative=0x000000000000037c
Event: 90.483 Thread 0x0000019d9b99e6d0 Uncommon trap: reason=class_check action=maybe_recompile pc=0x0000019d9023a31c method=javax.swing.plaf.nimbus.DerivedColor.equals(Ljava/lang/Object;)Z @ 8 c2
Event: 90.483 Thread 0x0000019d9b99e6d0 DEOPT PACKING pc=0x0000019d9023a31c sp=0x00000004de9fdcf0
Event: 90.483 Thread 0x0000019d9b99e6d0 DEOPT UNPACKING pc=0x0000019d8fbf7982 sp=0x00000004de9fdc88 mode 2
Event: 90.483 Thread 0x0000019d9b99e6d0 Uncommon trap: trap_request=0xffffffde fr.pc=0x0000019d9023a31c relative=0x000000000000037c
Event: 90.483 Thread 0x0000019d9b99e6d0 Uncommon trap: reason=class_check action=maybe_recompile pc=0x0000019d9023a31c method=javax.swing.plaf.nimbus.DerivedColor.equals(Ljava/lang/Object;)Z @ 8 c2
Event: 90.483 Thread 0x0000019d9b99e6d0 DEOPT PACKING pc=0x0000019d9023a31c sp=0x00000004de9fdd00
Event: 90.483 Thread 0x0000019d9b99e6d0 DEOPT UNPACKING pc=0x0000019d8fbf7982 sp=0x00000004de9fdc98 mode 2
Event: 90.483 Thread 0x0000019d9b99e6d0 Uncommon trap: trap_request=0xffffffde fr.pc=0x0000019d9023a31c relative=0x000000000000037c
Event: 90.483 Thread 0x0000019d9b99e6d0 Uncommon trap: reason=class_check action=maybe_recompile pc=0x0000019d9023a31c method=javax.swing.plaf.nimbus.DerivedColor.equals(Ljava/lang/Object;)Z @ 8 c2
Event: 90.483 Thread 0x0000019d9b99e6d0 DEOPT PACKING pc=0x0000019d9023a31c sp=0x00000004de9fdd00
Event: 90.483 Thread 0x0000019d9b99e6d0 DEOPT UNPACKING pc=0x0000019d8fbf7982 sp=0x00000004de9fdc98 mode 2
Event: 109.270 Thread 0x0000019d9b9073c0 Uncommon trap: trap_request=0xffffff45 fr.pc=0x0000019d9029e0b8 relative=0x0000000000000298
Event: 109.270 Thread 0x0000019d9b9073c0 Uncommon trap: reason=unstable_if action=reinterpret pc=0x0000019d9029e0b8 method=java.util.Vector.removeElementAt(I)V @ 65 c2
Event: 109.270 Thread 0x0000019d9b9073c0 DEOPT PACKING pc=0x0000019d9029e0b8 sp=0x00000004de6ff3e0
Event: 109.270 Thread 0x0000019d9b9073c0 DEOPT UNPACKING pc=0x0000019d8fbf7982 sp=0x00000004de6ff398 mode 2
Event: 109.640 Thread 0x0000019d9b99e6d0 DEOPT PACKING pc=0x0000019d88b848dc sp=0x00000004de9fe1e0
Event: 109.640 Thread 0x0000019d9b99e6d0 DEOPT UNPACKING pc=0x0000019d8fbf84c2 sp=0x00000004de9fd7f8 mode 0

Classes loaded (20 events):
Event: 89.322 Loading class javax/swing/LegacyGlueFocusTraversalPolicy
Event: 89.322 Loading class javax/swing/LegacyGlueFocusTraversalPolicy done
Event: 90.475 Loading class javax/swing/JTable$DropLocation
Event: 90.475 Loading class javax/swing/TransferHandler$DropLocation
Event: 90.476 Loading class javax/swing/TransferHandler$DropLocation done
Event: 90.476 Loading class javax/swing/JTable$DropLocation done
Event: 90.476 Loading class java/awt/Component$BaselineResizeBehavior
Event: 90.476 Loading class java/awt/Component$BaselineResizeBehavior done
Event: 90.476 Loading class javax/swing/plaf/basic/BasicTableUI$Actions
Event: 90.477 Loading class javax/swing/plaf/basic/BasicTableUI$Actions done
Event: 109.140 Loading class java/io/FileWriter
Event: 109.140 Loading class java/io/FileWriter done
Event: 109.140 Loading class java/io/Reader
Event: 109.140 Loading class java/io/Reader done
Event: 109.141 Loading class java/io/FileReader
Event: 109.141 Loading class java/io/InputStreamReader
Event: 109.141 Loading class java/io/InputStreamReader done
Event: 109.141 Loading class java/io/FileReader done
Event: 109.142 Loading class java/util/Stack
Event: 109.142 Loading class java/util/Stack done

Classes unloaded (0 events):
No events

Classes redefined (0 events):
No events

Internal exceptions (20 events):
Event: 0.288 Thread 0x0000019df912eef0 Exception <a 'java/lang/ClassNotFoundException'{0x00000007133671e8}: RootPane> (0x00000007133671e8) 
thrown [s\open\src\hotspot\share\classfile\systemDictionary.cpp, line 313]
Event: 0.289 Thread 0x0000019df912eef0 Exception <a 'java/lang/ClassNotFoundException'{0x000000071336a048}: com/sun/swing/internal/plaf/metal/resources/spi/metalProvider> (0x000000071336a048) 
thrown [s\open\src\hotspot\share\classfile\systemDictionary.cpp, line 313]
Event: 0.290 Thread 0x0000019df912eef0 Exception <a 'java/lang/ClassNotFoundException'{0x000000071336dda8}: com/sun/swing/internal/plaf/basic/resources/spi/basicProvider> (0x000000071336dda8) 
thrown [s\open\src\hotspot\share\classfile\systemDictionary.cpp, line 313]
Event: 0.322 Thread 0x0000019d9b99e6d0 Exception <a 'java/lang/ClassNotFoundException'{0x0000000713086120}: com/sun/swing/internal/plaf/synth/resources/spi/synthProvider> (0x0000000713086120) 
thrown [s\open\src\hotspot\share\classfile\systemDictionary.cpp, line 313]
Event: 0.344 Thread 0x0000019d9b99e6d0 Exception <a 'java/lang/NoSuchMethodError'{0x00000007130c9b48}: 'int java.lang.invoke.Invokers$Holder.invokeExact_MT(java.lang.Object, java.lang.Object)'> (0x00000007130c9b48) 
thrown [s\open\src\hotspot\share\interpreter\linkResolver.cpp, line 796]
Event: 0.349 Thread 0x0000019d9b99e6d0 Exception <a 'java/lang/NoSuchMethodError'{0x00000007130d27c8}: 'java.lang.Object java.lang.invoke.DirectMethodHandle$Holder.newInvokeSpecial(java.lang.Object, java.lang.Object, int)'> (0x00000007130d27c8) 
thrown [s\open\src\hotspot\share\interpreter\linkResolver.cpp, line 796]
Event: 0.352 Thread 0x0000019d9b99e6d0 Exception <a 'java/lang/NoSuchMethodError'{0x00000007130e6b00}: 'java.lang.Object java.lang.invoke.DirectMethodHandle$Holder.invokeStatic(java.lang.Object, java.lang.Object, java.lang.Object, java.lang.Object, int)'> (0x00000007130e6b00) 
thrown [s\open\src\hotspot\share\interpreter\linkResolver.cpp, line 796]
Event: 0.353 Thread 0x0000019d9b99e6d0 Exception <a 'java/lang/NoSuchMethodError'{0x00000007130f24f8}: 'int java.lang.invoke.DirectMethodHandle$Holder.invokeSpecial(java.lang.Object, java.lang.Object, java.lang.Object)'> (0x00000007130f24f8) 
thrown [s\open\src\hotspot\share\interpreter\linkResolver.cpp, line 796]
Event: 0.425 Thread 0x0000019de1ea10a0 Exception <a 'java/lang/NoSuchMethodError'{0x0000000712f174f8}: 'java.lang.Object java.lang.invoke.DirectMethodHandle$Holder.newInvokeSpecial(java.lang.Object, java.lang.Object, java.lang.Object, int, int, int, int, int)'> (0x0000000712f174f8) 
thrown [s\open\src\hotspot\share\interpreter\linkResolver.cpp, line 796]
Event: 0.456 Thread 0x0000019d9b8f9d40 Exception <a 'java/lang/NoSuchMethodError'{0x00000007135fa3a8}: 'void java.lang.invoke.DirectMethodHandle$Holder.invokeVirtual(java.lang.Object, java.lang.Object)'> (0x00000007135fa3a8) 
thrown [s\open\src\hotspot\share\interpreter\linkResolver.cpp, line 796]
Event: 0.477 Thread 0x0000019d9b99e6d0 Exception <a 'java/lang/NoSuchMethodError'{0x0000000713159560}: 'void java.lang.invoke.DirectMethodHandle$Holder.invokeStaticInit(java.lang.Object)'> (0x0000000713159560) 
thrown [s\open\src\hotspot\share\interpreter\linkResolver.cpp, line 796]
Event: 8.911 Thread 0x0000019d9b99e6d0 Implicit null exception at 0x0000019d901b45df to 0x0000019d901b4bed
Event: 8.912 Thread 0x0000019d9b99e6d0 Implicit null exception at 0x0000019d901b45df to 0x0000019d901b4bed
Event: 8.912 Thread 0x0000019d9b99e6d0 Implicit null exception at 0x0000019d901b45df to 0x0000019d901b4bed
Event: 8.912 Thread 0x0000019d9b99e6d0 Implicit null exception at 0x0000019d901b45df to 0x0000019d901b4bed
Event: 9.724 Thread 0x0000019d9b99e6d0 Exception <a 'java/lang/NoSuchMethodError'{0x0000000712466620}: 'void java.lang.invoke.DirectMethodHandle$Holder.invokeStatic(java.lang.Object, java.lang.Object)'> (0x0000000712466620) 
thrown [s\open\src\hotspot\share\interpreter\linkResolver.cpp, line 796]
Event: 9.753 Thread 0x0000019d9b99e6d0 Exception <a 'java/lang/NoSuchMethodError'{0x000000071247a4a0}: 'int java.lang.invoke.DirectMethodHandle$Holder.invokeStatic(java.lang.Object)'> (0x000000071247a4a0) 
thrown [s\open\src\hotspot\share\interpreter\linkResolver.cpp, line 796]
Event: 109.132 Thread 0x0000019d9b99e6d0 Exception <a 'java/lang/NoSuchMethodError'{0x00000007137d7808}: 'java.lang.Object java.lang.invoke.DirectMethodHandle$Holder.invokeSpecial(java.lang.Object, java.lang.Object, int, java.lang.Object, java.lang.Object)'> (0x00000007137d7808) 
thrown [s\open\src\hotspot\share\interpreter\linkResolver.cpp, line 796]
Event: 109.132 Thread 0x0000019d9b99e6d0 Exception <a 'java/lang/NoSuchMethodError'{0x00000007137db3c0}: 'java.lang.Object java.lang.invoke.Invokers$Holder.linkToTargetMethod(int, java.lang.Object, java.lang.Object, java.lang.Object)'> (0x00000007137db3c0) 
thrown [s\open\src\hotspot\share\interpreter\linkResolver.cpp, line 796]
Event: 109.138 Thread 0x0000019d9b99e6d0 Exception <a 'java/lang/NoSuchMethodError'{0x0000000713425960}: 'java.lang.Object java.lang.invoke.DirectMethodHandle$Holder.invokeSpecial(java.lang.Object, java.lang.Object, int, java.lang.Object, int)'> (0x0000000713425960) 
thrown [s\open\src\hotspot\share\interpreter\linkResolver.cpp, line 796]

VM Operations (20 events):
Event: 109.142 Executing VM operation: HandshakeAllThreads (Deoptimize) done
Event: 109.261 Executing VM operation: G1CollectForAllocation (G1 Evacuation Pause)
Event: 109.270 Executing VM operation: G1CollectForAllocation (G1 Evacuation Pause) done
Event: 109.311 Executing VM operation: G1CollectForAllocation (G1 Evacuation Pause)
Event: 109.326 Executing VM operation: G1CollectForAllocation (G1 Evacuation Pause) done
Event: 109.397 Executing VM operation: G1CollectForAllocation (G1 Evacuation Pause)
Event: 109.420 Executing VM operation: G1CollectForAllocation (G1 Evacuation Pause) done
Event: 109.467 Executing VM operation: G1CollectForAllocation (G1 Evacuation Pause)
Event: 109.493 Executing VM operation: G1CollectForAllocation (G1 Evacuation Pause) done
Event: 109.576 Executing VM operation: G1CollectForAllocation (G1 Evacuation Pause)
Event: 109.630 Executing VM operation: G1CollectForAllocation (G1 Evacuation Pause) done
Event: 109.684 Executing VM operation: G1CollectForAllocation (G1 Evacuation Pause)
Event: 109.737 Executing VM operation: G1CollectForAllocation (G1 Evacuation Pause) done
Event: 110.128 Executing VM operation: G1CollectForAllocation (G1 Evacuation Pause)
Event: 110.171 Executing VM operation: G1CollectForAllocation (G1 Evacuation Pause) done
Event: 110.256 Executing VM operation: G1CollectForAllocation (G1 Evacuation Pause)
Event: 110.302 Executing VM operation: G1CollectForAllocation (G1 Evacuation Pause) done
Event: 110.425 Executing VM operation: G1CollectForAllocation (G1 Evacuation Pause)
Event: 110.483 Executing VM operation: G1CollectForAllocation (G1 Evacuation Pause) done
Event: 110.599 Executing VM operation: G1CollectForAllocation (G1 Evacuation Pause)

Memory protections (0 events):
No events

Nmethod flushes (0 events):
No events

Events (20 events):
Event: 0.051 Thread 0x0000019df912eef0 Thread added: 0x0000019dff2fa6b0
Event: 0.051 Thread 0x0000019df912eef0 Thread added: 0x0000019dff2faea0
Event: 0.074 Thread 0x0000019df912eef0 Thread added: 0x0000019d9b698690
Event: 0.098 Thread 0x0000019dff2faea0 Thread added: 0x0000019d9b7ebe60
Event: 0.101 Thread 0x0000019df912eef0 Thread added: 0x0000019d9b7e9d60
Event: 0.184 Thread 0x0000019df912eef0 Thread added: 0x0000019d9b9073c0
Event: 0.185 Thread 0x0000019df912eef0 Thread added: 0x0000019d9b907a30
Event: 0.187 Thread 0x0000019df912eef0 Thread added: 0x0000019d9b8f9d40
Event: 0.304 Thread 0x0000019df912eef0 Thread added: 0x0000019d9b99e6d0
Event: 0.304 Thread 0x0000019df912eef0 Thread exited: 0x0000019df912eef0
Event: 0.304 Thread 0x0000019df912eef0 Thread added: 0x0000019df912eef0
Event: 0.373 Thread 0x0000019d9b99e6d0 Thread added: 0x0000019de1ea10a0
Event: 0.656 Thread 0x0000019d9b7ebe60 Thread exited: 0x0000019d9b7ebe60
Event: 0.952 Thread 0x0000019dff2faea0 Thread added: 0x0000019de2604620
Event: 1.874 Thread 0x0000019de2604620 Thread exited: 0x0000019de2604620
Event: 3.158 Thread 0x0000019d9b99e6d0 Thread added: 0x0000019de2b7d050
Event: 6.134 Thread 0x0000019de1ea10a0 Thread exited: 0x0000019de1ea10a0
Event: 109.151 Thread 0x0000019dff2faea0 Thread added: 0x0000019de1e24690
Event: 109.156 Thread 0x0000019dff2fa6b0 Thread added: 0x0000019de1e24d50
Event: 109.507 Thread 0x0000019de1e24d50 Thread exited: 0x0000019de1e24d50


Dynamic libraries:
0x00007ff7da8b0000 - 0x00007ff7da8c0000 	C:\Program Files\Java\jdk-23\bin\java.exe
0x00007ff81cb70000 - 0x00007ff81cd88000 	C:\Windows\SYSTEM32\ntdll.dll
0x00007ff81bb20000 - 0x00007ff81bbe4000 	C:\Windows\System32\KERNEL32.DLL
0x00007ff819e90000 - 0x00007ff81a263000 	C:\Windows\System32\KERNELBASE.dll
0x00007ff81a470000 - 0x00007ff81a581000 	C:\Windows\System32\ucrtbase.dll
0x00007ff8155c0000 - 0x00007ff8155db000 	C:\Program Files\Java\jdk-23\bin\VCRUNTIME140.dll
0x00007fffeff70000 - 0x00007fffeff87000 	C:\Program Files\Java\jdk-23\bin\jli.dll
0x00007ff81c970000 - 0x00007ff81cb22000 	C:\Windows\System32\USER32.dll
0x00007ff806180000 - 0x00007ff80641c000 	C:\Windows\WinSxS\amd64_microsoft.windows.common-controls_6595b64144ccf1df_6.0.22621.6060_none_2712eda17382d24b\COMCTL32.dll
0x00007ff819cf0000 - 0x00007ff819d16000 	C:\Windows\System32\win32u.dll
0x00007ff81bc20000 - 0x00007ff81bcc7000 	C:\Windows\System32\msvcrt.dll
0x00007ff81bbf0000 - 0x00007ff81bc19000 	C:\Windows\System32\GDI32.dll
0x00007ff81a340000 - 0x00007ff81a463000 	C:\Windows\System32\gdi32full.dll
0x00007ff81a2a0000 - 0x00007ff81a33a000 	C:\Windows\System32\msvcp_win.dll
0x00007ff81c340000 - 0x00007ff81c371000 	C:\Windows\System32\IMM32.DLL
0x00007ff8153c0000 - 0x00007ff8153cc000 	C:\Program Files\Java\jdk-23\bin\vcruntime140_1.dll
0x00007fffd1f80000 - 0x00007fffd200e000 	C:\Program Files\Java\jdk-23\bin\msvcp140.dll
0x00007fff61ae0000 - 0x00007fff6282f000 	C:\Program Files\Java\jdk-23\bin\server\jvm.dll
0x00007ff81bcd0000 - 0x00007ff81bd81000 	C:\Windows\System32\ADVAPI32.dll
0x00007ff81c130000 - 0x00007ff81c1d8000 	C:\Windows\System32\sechost.dll
0x00007ff81a270000 - 0x00007ff81a298000 	C:\Windows\System32\bcrypt.dll
0x00007ff81b130000 - 0x00007ff81b248000 	C:\Windows\System32\RPCRT4.dll
0x00007ff81c380000 - 0x00007ff81c3f1000 	C:\Windows\System32\WS2_32.dll
0x00007ff819b40000 - 0x00007ff819b8d000 	C:\Windows\SYSTEM32\POWRPROF.dll
0x00007ff814760000 - 0x00007ff814794000 	C:\Windows\SYSTEM32\WINMM.dll
0x00007ff814060000 - 0x00007ff81406a000 	C:\Windows\SYSTEM32\VERSION.dll
0x00007ff819b20000 - 0x00007ff819b33000 	C:\Windows\SYSTEM32\UMPDC.dll
0x00007ff818c00000 - 0x00007ff818c18000 	C:\Windows\SYSTEM32\kernel.appcore.dll
0x00007ff8153b0000 - 0x00007ff8153ba000 	C:\Program Files\Java\jdk-23\bin\jimage.dll
0x00007ff817560000 - 0x00007ff817793000 	C:\Windows\SYSTEM32\DBGHELP.DLL
0x00007ff81bd90000 - 0x00007ff81c122000 	C:\Windows\System32\combase.dll
0x00007ff81b250000 - 0x00007ff81b328000 	C:\Windows\System32\OLEAUT32.dll
0x00007ff8008b0000 - 0x00007ff8008e2000 	C:\Windows\SYSTEM32\dbgcore.DLL
0x00007ff819c70000 - 0x00007ff819ceb000 	C:\Windows\System32\bcryptPrimitives.dll
0x00007ff8152f0000 - 0x00007ff81530e000 	C:\Program Files\Java\jdk-23\bin\java.dll
0x00007ff81c580000 - 0x00007ff81c720000 	C:\Windows\System32\ole32.dll
0x00007ff81a810000 - 0x00007ff81b0ae000 	C:\Windows\System32\SHELL32.dll
0x00007ff81a590000 - 0x00007ff81a6cf000 	C:\Windows\System32\wintypes.dll
0x00007ff817b00000 - 0x00007ff818418000 	C:\Windows\SYSTEM32\windows.storage.dll
0x00007ff81c1e0000 - 0x00007ff81c2e4000 	C:\Windows\System32\SHCORE.dll
0x00007ff81c400000 - 0x00007ff81c469000 	C:\Windows\System32\shlwapi.dll
0x00007ff819ba0000 - 0x00007ff819bc5000 	C:\Windows\SYSTEM32\profapi.dll
0x00007fff9a360000 - 0x00007fff9a437000 	C:\Program Files\Java\jdk-23\bin\jsvml.dll
0x00007ff8148d0000 - 0x00007ff8148e0000 	C:\Program Files\Java\jdk-23\bin\net.dll
0x00007ff8190d0000 - 0x00007ff819139000 	C:\Windows\system32\mswsock.dll
0x00007ff80ee30000 - 0x00007ff80ee46000 	C:\Program Files\Java\jdk-23\bin\nio.dll
0x00007ff8064e0000 - 0x00007ff8064f7000 	C:\Program Files\Java\jdk-23\bin\zip.dll
0x00007fff95fb0000 - 0x00007fff9613e000 	C:\Program Files\Java\jdk-23\bin\awt.dll
0x00007ff814af0000 - 0x00007ff814b87000 	C:\Windows\SYSTEM32\apphelp.dll
0x00007ff816d90000 - 0x00007ff816e43000 	C:\Windows\system32\uxtheme.dll
0x00007ff81b3e0000 - 0x00007ff81b540000 	C:\Windows\System32\MSCTF.dll
0x00007ff816ff0000 - 0x00007ff81701b000 	C:\Windows\system32\DWMAPI.DLL
0x00007fffa5860000 - 0x00007fffa58e7000 	C:\Program Files\Java\jdk-23\bin\freetype.dll
0x00007fff98da0000 - 0x00007fff98e77000 	C:\Program Files\Java\jdk-23\bin\fontmanager.dll
0x00007fffe7750000 - 0x00007fffe7850000 	C:\Windows\system32\opengl32.dll
0x00007fffe7720000 - 0x00007fffe774d000 	C:\Windows\SYSTEM32\GLU32.dll
0x00007ff816ea0000 - 0x00007ff816ed7000 	C:\Windows\SYSTEM32\dxcore.dll
0x00007fffe39a0000 - 0x00007fffe39ce000 	C:\Program Files\Java\jdk-23\bin\javajpeg.dll
0x00007ff81b560000 - 0x00007ff81b610000 	C:\Windows\System32\clbcatq.dll
0x00007ff816b90000 - 0x00007ff816d42000 	C:\Windows\SYSTEM32\WindowsCodecs.dll
0x00007ffff1620000 - 0x00007ffff167e000 	C:\Windows\system32\dataexchange.dll
0x00007ff811100000 - 0x00007ff8113a6000 	C:\Windows\system32\twinapi.appcore.dll
0x00007ff80f580000 - 0x00007ff80f6c5000 	C:\Windows\SYSTEM32\textinputframework.dll
0x00007ff806e40000 - 0x00007ff806e8b000 	C:\Windows\system32\ApplicationTargetedFeatureDatabase.dll
0x00007ff813d30000 - 0x00007ff813e63000 	C:\Windows\SYSTEM32\CoreMessaging.dll
0x00007ff810d40000 - 0x00007ff8110ac000 	C:\Windows\SYSTEM32\CoreUIComponents.dll
0x00007ff8192f0000 - 0x00007ff8192fc000 	C:\Windows\SYSTEM32\CRYPTBASE.DLL

dbghelp: loaded successfully - version: 4.0.5 - missing functions: none
symbol engine: initialized successfully - sym options: 0x614 - pdb path: .;C:\Program Files\Java\jdk-23\bin;C:\Windows\SYSTEM32;C:\Windows\WinSxS\amd64_microsoft.windows.common-controls_6595b64144ccf1df_6.0.22621.6060_none_2712eda17382d24b;C:\Program Files\Java\jdk-23\bin\server

VM Arguments:
jvm_args: -Dfile.encoding=UTF-8 --module-path=D:\Universidad\Tareas\Semestre 5\Compiladores\AFND_2\build\classes 
java_command: Views.Principal
java_class_path (initial): C:\Program Files\NetBeans-24\netbeans\java\modules\ext\AbsoluteLayout.jar;D:\Universidad\Tareas\Semestre 5\Compiladores\AFND_2\build\classes
Launcher Type: SUN_STANDARD

[Global flags]
     intx CICompilerCount                          = 4                                         {product} {ergonomic}
     uint ConcGCThreads                            = 2                                         {product} {ergonomic}
     uint G1ConcRefinementThreads                  = 8                                         {product} {ergonomic}
   size_t G1HeapRegionSize                         = 2097152                                   {product} {ergonomic}
   size_t InitialHeapSize                          = 266338304                                 {product} {ergonomic}
   size_t MarkStackSize                            = 4194304                                   {product} {ergonomic}
   size_t MarkStackSizeMax                         = 536870912                                 {product} {ergonomic}
   size_t MaxHeapSize                              = 4234149888                                {product} {ergonomic}
   size_t MaxNewSize                               = 2539651072                                {product} {ergonomic}
   size_t MinHeapDeltaBytes                        = 2097152                                   {product} {ergonomic}
   size_t MinHeapSize                              = 8388608                                   {product} {ergonomic}
    uintx NonNMethodCodeHeapSize                   = 5832704                                {pd product} {ergonomic}
    uintx NonProfiledCodeHeapSize                  = 122945536                              {pd product} {ergonomic}
    uintx ProfiledCodeHeapSize                     = 122880000                              {pd product} {ergonomic}
    uintx ReservedCodeCacheSize                    = 251658240                              {pd product} {ergonomic}
     bool SegmentedCodeCache                       = true                                      {product} {ergonomic}
   size_t SoftMaxHeapSize                          = 4234149888                             {manageable} {ergonomic}
     bool UseCompressedOops                        = true                           {product lp64_product} {ergonomic}
     bool UseG1GC                                  = true                                      {product} {ergonomic}
     bool UseLargePagesIndividualAllocation        = false                                  {pd product} {ergonomic}

Logging:
Log output configuration:
 #0: stdout all=warning uptime,level,tags foldmultilines=false
 #1: stderr all=off uptime,level,tags foldmultilines=false

Environment Variables:
PATH=C:\Program Files\Common Files\Oracle\Java\javapath;C:\Windows\system32;C:\Windows;C:\Windows\System32\Wbem;C:\Windows\System32\WindowsPowerShell\v1.0\;C:\Windows\System32\OpenSSH\;C:\msys64\ucrt64\bin;C:\Program Files\swipl\bin;C:\Program Files (x86)\Microsoft SQL Server\160\Tools\Binn\;C:\Program Files\Microsoft SQL Server\160\Tools\Binn\;C:\Program Files\Microsoft SQL Server\Client SDK\ODBC\170\Tools\Binn\;C:\Program Files\Microsoft SQL Server\160\DTS\Binn\;C:\Program Files (x86)\Microsoft SQL Server\160\DTS\Binn\;%NVM_HOME%;%NVM_SYMLINK%;C:\Program Files\Git\cmd;C:\Program Files\MATLAB\R2024a\bin;C:\Users\moon1\AppData\Local\Programs\Python\Python313\Scripts\;C:\Users\moon1\AppData\Local\Programs\Python\Python313\;C:\Users\moon1\AppData\Local\Microsoft\WindowsApps;C:\Users\moon1\AppData\Local\Programs\Microsoft VS Code\bin;C:\Users\moon1\AppData\Roaming\npm;C:\Users\moon1\AppData\Local\nvm;C:\nvm4w\nodejs
USERNAME=moon1
OS=Windows_NT
PROCESSOR_IDENTIFIER=Intel64 Family 6 Model 126 Stepping 5, GenuineIntel
TMP=C:\Users\moon1\AppData\Local\Temp
TEMP=C:\Users\moon1\AppData\Local\Temp




Periodic native trim disabled

---------------  S Y S T E M  ---------------

OS:
 Windows 11 , 64 bit Build 22621 (10.0.22621.5415)
OS uptime: 4 days 6:01 hours
Hyper-V role detected

CPU: total 8 (initial active 8) (4 cores per cpu, 2 threads per core) family 6 model 126 stepping 5 microcode 0xca, cx8, cmov, fxsr, ht, mmx, 3dnowpref, sse, sse2, sse3, ssse3, sse4.1, sse4.2, popcnt, lzcnt, tsc, tscinvbit, avx, avx2, aes, erms, clmul, bmi1, bmi2, adx, avx512f, avx512dq, avx512cd, avx512bw, avx512vl, sha, fma, vzeroupper, avx512_vpopcntdq, avx512_vpclmulqdq, avx512_vaes, avx512_vnni, clflush, clflushopt, avx512_vbmi2, avx512_vbmi, hv, rdtscp, rdpid, fsrm, gfni, avx512_bitalg, f16c, avx512_ifma
Processor Information for the first 8 processors :
  Max Mhz: 1190, Current Mhz: 991, Mhz Limit: 987

Memory: 4k page, system-wide physical 16150M (5545M free)
TotalPageFile size 16166M (AvailPageFile size 568M)
current process WorkingSet (physical memory assigned to process): 638M, peak: 638M
current process commit charge ("private bytes"): 896M, peak: 2207M

vm_info: Java HotSpot(TM) 64-Bit Server VM (23.0.1+11-39) for windows-amd64 JRE (23.0.1+11-39), built on 2024-09-30T07:20:43Z with MS VC++ 17.6 (VS2022)

END.
